[0.634s] Invoking command in '/home/linh/control_ros2/src/rubupack': PYTHONPATH=/home/linh/control_ros2/build/rubupack/prefix_override:/usr/lib/python3/dist-packages/colcon_core/task/python/colcon_distutils_commands:/home/linh/control_ros2/install/rubupack/lib/python3.10/site-packages:${PYTHONPATH} /usr/bin/python3 -W ignore:setup.py install is deprecated setup.py egg_info --egg-base ../../build/rubupack build --build-base /home/linh/control_ros2/build/rubupack/build install --record /home/linh/control_ros2/build/rubupack/install.log --single-version-externally-managed install_data
[0.795s] running egg_info
[0.795s] writing ../../build/rubupack/rubupack.egg-info/PKG-INFO
[0.795s] writing dependency_links to ../../build/rubupack/rubupack.egg-info/dependency_links.txt
[0.795s] writing entry points to ../../build/rubupack/rubupack.egg-info/entry_points.txt
[0.795s] writing requirements to ../../build/rubupack/rubupack.egg-info/requires.txt
[0.795s] writing top-level names to ../../build/rubupack/rubupack.egg-info/top_level.txt
[0.797s] reading manifest file '../../build/rubupack/rubupack.egg-info/SOURCES.txt'
[0.797s] adding license file 'LICENSE'
[0.797s] writing manifest file '../../build/rubupack/rubupack.egg-info/SOURCES.txt'
[0.797s] running build
[0.797s] running build_py
[0.797s] running install
[0.798s] running install_lib
[0.799s] running install_data
[0.799s] running install_egg_info
[0.800s] removing '/home/linh/control_ros2/install/rubupack/lib/python3.10/site-packages/rubupack-0.0.0-py3.10.egg-info' (and everything under it)
[0.800s] Copying ../../build/rubupack/rubupack.egg-info to /home/linh/control_ros2/install/rubupack/lib/python3.10/site-packages/rubupack-0.0.0-py3.10.egg-info
[0.801s] running install_scripts
[0.819s] writing list of installed files to '/home/linh/control_ros2/build/rubupack/install.log'
[0.846s] Invoked command in '/home/linh/control_ros2/src/rubupack' returned '0': PYTHONPATH=/home/linh/control_ros2/build/rubupack/prefix_override:/usr/lib/python3/dist-packages/colcon_core/task/python/colcon_distutils_commands:/home/linh/control_ros2/install/rubupack/lib/python3.10/site-packages:${PYTHONPATH} /usr/bin/python3 -W ignore:setup.py install is deprecated setup.py egg_info --egg-base ../../build/rubupack build --build-base /home/linh/control_ros2/build/rubupack/build install --record /home/linh/control_ros2/build/rubupack/install.log --single-version-externally-managed install_data
