running egg_info
creating ../../build/rubupack/rubupack.egg-info
writing ../../build/rubupack/rubupack.egg-info/PKG-INFO
writing dependency_links to ../../build/rubupack/rubupack.egg-info/dependency_links.txt
writing entry points to ../../build/rubupack/rubupack.egg-info/entry_points.txt
writing requirements to ../../build/rubupack/rubupack.egg-info/requires.txt
writing top-level names to ../../build/rubupack/rubupack.egg-info/top_level.txt
writing manifest file '../../build/rubupack/rubupack.egg-info/SOURCES.txt'
reading manifest file '../../build/rubupack/rubupack.egg-info/SOURCES.txt'
adding license file 'LICENSE'
writing manifest file '../../build/rubupack/rubupack.egg-info/SOURCES.txt'
running build
running build_py
creating /home/linh/control_ros2/build/rubupack/build
creating /home/linh/control_ros2/build/rubupack/build/lib
creating /home/linh/control_ros2/build/rubupack/build/lib/rubupack
copying rubupack/__init__.py -> /home/linh/control_ros2/build/rubupack/build/lib/rubupack
running install
running install_lib
creating /home/linh/control_ros2/install/rubupack/lib/python3.10/site-packages/rubupack
copying /home/linh/control_ros2/build/rubupack/build/lib/rubupack/__init__.py -> /home/linh/control_ros2/install/rubupack/lib/python3.10/site-packages/rubupack
byte-compiling /home/linh/control_ros2/install/rubupack/lib/python3.10/site-packages/rubupack/__init__.py to __init__.cpython-310.pyc
running install_data
creating /home/linh/control_ros2/install/rubupack/share/ament_index
creating /home/linh/control_ros2/install/rubupack/share/ament_index/resource_index
creating /home/linh/control_ros2/install/rubupack/share/ament_index/resource_index/packages
copying resource/rubupack -> /home/linh/control_ros2/install/rubupack/share/ament_index/resource_index/packages
copying package.xml -> /home/linh/control_ros2/install/rubupack/share/rubupack
creating /home/linh/control_ros2/install/rubupack/share/rubupack/urdf
copying urdf/ROBOT.urdf -> /home/linh/control_ros2/install/rubupack/share/rubupack/urdf
creating /home/linh/control_ros2/install/rubupack/share/rubupack/launch
copying launch/display.launch.py -> /home/linh/control_ros2/install/rubupack/share/rubupack/launch
copying launch/gazebo.launch.py -> /home/linh/control_ros2/install/rubupack/share/rubupack/launch
creating /home/linh/control_ros2/install/rubupack/share/rubupack/meshes
copying meshes/left_be.STL -> /home/linh/control_ros2/install/rubupack/share/rubupack/meshes
copying meshes/right_be.STL -> /home/linh/control_ros2/install/rubupack/share/rubupack/meshes
copying meshes/right_a.STL -> /home/linh/control_ros2/install/rubupack/share/rubupack/meshes
copying meshes/base_link.STL -> /home/linh/control_ros2/install/rubupack/share/rubupack/meshes
copying meshes/left_a.STL -> /home/linh/control_ros2/install/rubupack/share/rubupack/meshes
running install_egg_info
Copying ../../build/rubupack/rubupack.egg-info to /home/linh/control_ros2/install/rubupack/lib/python3.10/site-packages/rubupack-0.0.0-py3.10.egg-info
running install_scripts
writing list of installed files to '/home/linh/control_ros2/build/rubupack/install.log'
