[0.180s] DEBUG:colcon:Command line arguments: ['/usr/bin/colcon', 'build', '--packages-select', 'control_motor']
[0.180s] DEBUG:colcon:Parsed command line arguments: Namespace(log_base=None, log_level=None, verb_name='build', build_base='build', install_base='install', merge_install=False, symlink_install=False, test_result_base=None, continue_on_error=False, executor='parallel', parallel_workers=8, event_handlers=None, ignore_user_meta=False, metas=['./colcon.meta'], base_paths=['.'], packages_ignore=None, packages_ignore_regex=None, paths=None, packages_up_to=None, packages_up_to_regex=None, packages_above=None, packages_above_and_dependencies=None, packages_above_depth=None, packages_select_by_dep=None, packages_skip_by_dep=None, packages_skip_up_to=None, packages_select_build_failed=False, packages_skip_build_finished=False, packages_select_test_failures=False, packages_skip_test_passed=False, packages_select=['control_motor'], packages_skip=None, packages_select_regex=None, packages_skip_regex=None, packages_start=None, packages_end=None, allow_overriding=[], cmake_args=None, cmake_target=None, cmake_target_skip_unavailable=False, cmake_clean_cache=False, cmake_clean_first=False, cmake_force_configure=False, ament_cmake_args=None, catkin_cmake_args=None, catkin_skip_building_tests=False, mixin_files=None, mixin=None, verb_parser=<colcon_mixin.mixin.mixin_argument.MixinArgumentDecorator object at 0x7e64dd249e40>, verb_extension=<colcon_core.verb.build.BuildVerb object at 0x7e64dd249960>, main=<bound method BuildVerb.main of <colcon_core.verb.build.BuildVerb object at 0x7e64dd249960>>, mixin_verb=('build',))
[0.358s] Level 1:colcon.colcon_core.package_discovery:discover_packages(colcon_meta) check parameters
[0.358s] Level 1:colcon.colcon_core.package_discovery:discover_packages(recursive) check parameters
[0.358s] Level 1:colcon.colcon_core.package_discovery:discover_packages(ignore) check parameters
[0.358s] Level 1:colcon.colcon_core.package_discovery:discover_packages(path) check parameters
[0.358s] Level 1:colcon.colcon_core.package_discovery:discover_packages(colcon_meta) discover
[0.358s] Level 1:colcon.colcon_core.package_discovery:discover_packages(recursive) discover
[0.358s] INFO:colcon.colcon_core.package_discovery:Crawling recursively for packages in '/home/linh/control_ros2'
[0.358s] Level 1:colcon.colcon_core.package_identification:_identify(.) by extensions ['ignore', 'ignore_ament_install']
[0.358s] Level 1:colcon.colcon_core.package_identification:_identify(.) by extension 'ignore'
[0.358s] Level 1:colcon.colcon_core.package_identification:_identify(.) by extension 'ignore_ament_install'
[0.358s] Level 1:colcon.colcon_core.package_identification:_identify(.) by extensions ['colcon_pkg']
[0.358s] Level 1:colcon.colcon_core.package_identification:_identify(.) by extension 'colcon_pkg'
[0.358s] Level 1:colcon.colcon_core.package_identification:_identify(.) by extensions ['colcon_meta']
[0.358s] Level 1:colcon.colcon_core.package_identification:_identify(.) by extension 'colcon_meta'
[0.358s] Level 1:colcon.colcon_core.package_identification:_identify(.) by extensions ['ros']
[0.358s] Level 1:colcon.colcon_core.package_identification:_identify(.) by extension 'ros'
[0.368s] Level 1:colcon.colcon_core.package_identification:_identify(.) by extensions ['cmake', 'python']
[0.368s] Level 1:colcon.colcon_core.package_identification:_identify(.) by extension 'cmake'
[0.368s] Level 1:colcon.colcon_core.package_identification:_identify(.) by extension 'python'
[0.368s] Level 1:colcon.colcon_core.package_identification:_identify(.) by extensions ['python_setup_py']
[0.369s] Level 1:colcon.colcon_core.package_identification:_identify(.) by extension 'python_setup_py'
[0.369s] Level 1:colcon.colcon_core.package_identification:_identify(build) by extensions ['ignore', 'ignore_ament_install']
[0.369s] Level 1:colcon.colcon_core.package_identification:_identify(build) by extension 'ignore'
[0.369s] Level 1:colcon.colcon_core.package_identification:_identify(build) ignored
[0.369s] Level 1:colcon.colcon_core.package_identification:_identify(install) by extensions ['ignore', 'ignore_ament_install']
[0.369s] Level 1:colcon.colcon_core.package_identification:_identify(install) by extension 'ignore'
[0.369s] Level 1:colcon.colcon_core.package_identification:_identify(install) ignored
[0.369s] Level 1:colcon.colcon_core.package_identification:_identify(log) by extensions ['ignore', 'ignore_ament_install']
[0.369s] Level 1:colcon.colcon_core.package_identification:_identify(log) by extension 'ignore'
[0.369s] Level 1:colcon.colcon_core.package_identification:_identify(log) ignored
[0.369s] Level 1:colcon.colcon_core.package_identification:_identify(src) by extensions ['ignore', 'ignore_ament_install']
[0.369s] Level 1:colcon.colcon_core.package_identification:_identify(src) by extension 'ignore'
[0.369s] Level 1:colcon.colcon_core.package_identification:_identify(src) by extension 'ignore_ament_install'
[0.369s] Level 1:colcon.colcon_core.package_identification:_identify(src) by extensions ['colcon_pkg']
[0.369s] Level 1:colcon.colcon_core.package_identification:_identify(src) by extension 'colcon_pkg'
[0.369s] Level 1:colcon.colcon_core.package_identification:_identify(src) by extensions ['colcon_meta']
[0.369s] Level 1:colcon.colcon_core.package_identification:_identify(src) by extension 'colcon_meta'
[0.369s] Level 1:colcon.colcon_core.package_identification:_identify(src) by extensions ['ros']
[0.369s] Level 1:colcon.colcon_core.package_identification:_identify(src) by extension 'ros'
[0.369s] Level 1:colcon.colcon_core.package_identification:_identify(src) by extensions ['cmake', 'python']
[0.369s] Level 1:colcon.colcon_core.package_identification:_identify(src) by extension 'cmake'
[0.369s] Level 1:colcon.colcon_core.package_identification:_identify(src) by extension 'python'
[0.370s] Level 1:colcon.colcon_core.package_identification:_identify(src) by extensions ['python_setup_py']
[0.370s] Level 1:colcon.colcon_core.package_identification:_identify(src) by extension 'python_setup_py'
[0.370s] Level 1:colcon.colcon_core.package_identification:_identify(src/car_3_wheel) by extensions ['ignore', 'ignore_ament_install']
[0.370s] Level 1:colcon.colcon_core.package_identification:_identify(src/car_3_wheel) by extension 'ignore'
[0.370s] Level 1:colcon.colcon_core.package_identification:_identify(src/car_3_wheel) by extension 'ignore_ament_install'
[0.370s] Level 1:colcon.colcon_core.package_identification:_identify(src/car_3_wheel) by extensions ['colcon_pkg']
[0.370s] Level 1:colcon.colcon_core.package_identification:_identify(src/car_3_wheel) by extension 'colcon_pkg'
[0.370s] Level 1:colcon.colcon_core.package_identification:_identify(src/car_3_wheel) by extensions ['colcon_meta']
[0.370s] Level 1:colcon.colcon_core.package_identification:_identify(src/car_3_wheel) by extension 'colcon_meta'
[0.370s] Level 1:colcon.colcon_core.package_identification:_identify(src/car_3_wheel) by extensions ['ros']
[0.370s] Level 1:colcon.colcon_core.package_identification:_identify(src/car_3_wheel) by extension 'ros'
[0.373s] DEBUG:colcon.colcon_core.package_identification:Package 'src/car_3_wheel' with type 'ros.ament_python' and name 'car_3_wheel'
[0.373s] Level 1:colcon.colcon_core.package_identification:_identify(src/control_motor) by extensions ['ignore', 'ignore_ament_install']
[0.373s] Level 1:colcon.colcon_core.package_identification:_identify(src/control_motor) by extension 'ignore'
[0.373s] Level 1:colcon.colcon_core.package_identification:_identify(src/control_motor) by extension 'ignore_ament_install'
[0.373s] Level 1:colcon.colcon_core.package_identification:_identify(src/control_motor) by extensions ['colcon_pkg']
[0.373s] Level 1:colcon.colcon_core.package_identification:_identify(src/control_motor) by extension 'colcon_pkg'
[0.373s] Level 1:colcon.colcon_core.package_identification:_identify(src/control_motor) by extensions ['colcon_meta']
[0.373s] Level 1:colcon.colcon_core.package_identification:_identify(src/control_motor) by extension 'colcon_meta'
[0.373s] Level 1:colcon.colcon_core.package_identification:_identify(src/control_motor) by extensions ['ros']
[0.373s] Level 1:colcon.colcon_core.package_identification:_identify(src/control_motor) by extension 'ros'
[0.374s] DEBUG:colcon.colcon_core.package_identification:Package 'src/control_motor' with type 'ros.ament_python' and name 'control_motor'
[0.374s] Level 1:colcon.colcon_core.package_identification:_identify(src/rubupack) by extensions ['ignore', 'ignore_ament_install']
[0.374s] Level 1:colcon.colcon_core.package_identification:_identify(src/rubupack) by extension 'ignore'
[0.374s] Level 1:colcon.colcon_core.package_identification:_identify(src/rubupack) by extension 'ignore_ament_install'
[0.374s] Level 1:colcon.colcon_core.package_identification:_identify(src/rubupack) by extensions ['colcon_pkg']
[0.374s] Level 1:colcon.colcon_core.package_identification:_identify(src/rubupack) by extension 'colcon_pkg'
[0.374s] Level 1:colcon.colcon_core.package_identification:_identify(src/rubupack) by extensions ['colcon_meta']
[0.374s] Level 1:colcon.colcon_core.package_identification:_identify(src/rubupack) by extension 'colcon_meta'
[0.374s] Level 1:colcon.colcon_core.package_identification:_identify(src/rubupack) by extensions ['ros']
[0.374s] Level 1:colcon.colcon_core.package_identification:_identify(src/rubupack) by extension 'ros'
[0.374s] DEBUG:colcon.colcon_core.package_identification:Package 'src/rubupack' with type 'ros.ament_python' and name 'rubupack'
[0.375s] Level 1:colcon.colcon_core.package_discovery:discover_packages(recursive) using defaults
[0.375s] Level 1:colcon.colcon_core.package_discovery:discover_packages(ignore) discover
[0.375s] Level 1:colcon.colcon_core.package_discovery:discover_packages(ignore) using defaults
[0.375s] Level 1:colcon.colcon_core.package_discovery:discover_packages(path) discover
[0.375s] Level 1:colcon.colcon_core.package_discovery:discover_packages(path) using defaults
[0.399s] INFO:colcon.colcon_core.package_selection:Skipping not selected package 'car_3_wheel' in 'src/car_3_wheel'
[0.399s] INFO:colcon.colcon_core.package_selection:Skipping not selected package 'rubupack' in 'src/rubupack'
[0.400s] Level 1:colcon.colcon_core.package_discovery:discover_packages(prefix_path) check parameters
[0.400s] Level 1:colcon.colcon_core.package_discovery:discover_packages(prefix_path) discover
[0.403s] DEBUG:colcon.colcon_installed_package_information.package_discovery:Found 289 installed packages in /opt/ros/humble
[0.412s] Level 1:colcon.colcon_core.package_discovery:discover_packages(prefix_path) using defaults
[0.438s] Level 5:colcon.colcon_core.verb:set package 'control_motor' build argument 'cmake_args' from command line to 'None'
[0.438s] Level 5:colcon.colcon_core.verb:set package 'control_motor' build argument 'cmake_target' from command line to 'None'
[0.438s] Level 5:colcon.colcon_core.verb:set package 'control_motor' build argument 'cmake_target_skip_unavailable' from command line to 'False'
[0.438s] Level 5:colcon.colcon_core.verb:set package 'control_motor' build argument 'cmake_clean_cache' from command line to 'False'
[0.438s] Level 5:colcon.colcon_core.verb:set package 'control_motor' build argument 'cmake_clean_first' from command line to 'False'
[0.438s] Level 5:colcon.colcon_core.verb:set package 'control_motor' build argument 'cmake_force_configure' from command line to 'False'
[0.438s] Level 5:colcon.colcon_core.verb:set package 'control_motor' build argument 'ament_cmake_args' from command line to 'None'
[0.438s] Level 5:colcon.colcon_core.verb:set package 'control_motor' build argument 'catkin_cmake_args' from command line to 'None'
[0.438s] Level 5:colcon.colcon_core.verb:set package 'control_motor' build argument 'catkin_skip_building_tests' from command line to 'False'
[0.438s] DEBUG:colcon.colcon_core.verb:Building package 'control_motor' with the following arguments: {'ament_cmake_args': None, 'build_base': '/home/linh/control_ros2/build/control_motor', 'catkin_cmake_args': None, 'catkin_skip_building_tests': False, 'cmake_args': None, 'cmake_clean_cache': False, 'cmake_clean_first': False, 'cmake_force_configure': False, 'cmake_target': None, 'cmake_target_skip_unavailable': False, 'install_base': '/home/linh/control_ros2/install/control_motor', 'merge_install': False, 'path': '/home/linh/control_ros2/src/control_motor', 'symlink_install': False, 'test_result_base': None}
[0.438s] INFO:colcon.colcon_core.executor:Executing jobs using 'parallel' executor
[0.439s] DEBUG:colcon.colcon_parallel_executor.executor.parallel:run_until_complete
[0.440s] INFO:colcon.colcon_ros.task.ament_python.build:Building ROS package in '/home/linh/control_ros2/src/control_motor' with build type 'ament_python'
[0.440s] Level 1:colcon.colcon_core.shell:create_environment_hook('control_motor', 'ament_prefix_path')
[0.443s] INFO:colcon.colcon_core.plugin_system:Skipping extension 'colcon_core.shell.bat': Not used on non-Windows systems
[0.443s] INFO:colcon.colcon_core.shell:Creating environment hook '/home/linh/control_ros2/install/control_motor/share/control_motor/hook/ament_prefix_path.ps1'
[0.444s] INFO:colcon.colcon_core.shell:Creating environment descriptor '/home/linh/control_ros2/install/control_motor/share/control_motor/hook/ament_prefix_path.dsv'
[0.444s] INFO:colcon.colcon_core.shell:Creating environment hook '/home/linh/control_ros2/install/control_motor/share/control_motor/hook/ament_prefix_path.sh'
[0.445s] INFO:colcon.colcon_core.shell:Skip shell extension 'powershell' for command environment: Not usable outside of PowerShell
[0.445s] DEBUG:colcon.colcon_core.shell:Skip shell extension 'dsv' for command environment
[0.637s] INFO:colcon.colcon_core.task.python.build:Building Python package in '/home/linh/control_ros2/src/control_motor'
[0.637s] INFO:colcon.colcon_core.shell:Skip shell extension 'powershell' for command environment: Not usable outside of PowerShell
[0.637s] DEBUG:colcon.colcon_core.shell:Skip shell extension 'dsv' for command environment
[0.934s] DEBUG:colcon.colcon_core.event_handler.log_command:Invoking command in '/home/linh/control_ros2/src/control_motor': PYTHONPATH=/home/linh/control_ros2/build/control_motor/prefix_override:/usr/lib/python3/dist-packages/colcon_core/task/python/colcon_distutils_commands:/home/linh/control_ros2/install/control_motor/lib/python3.10/site-packages:${PYTHONPATH} /usr/bin/python3 -W ignore:setup.py install is deprecated setup.py egg_info --egg-base ../../build/control_motor build --build-base /home/linh/control_ros2/build/control_motor/build install --record /home/linh/control_ros2/build/control_motor/install.log --single-version-externally-managed install_data
[1.179s] DEBUG:colcon.colcon_core.event_handler.log_command:Invoked command in '/home/linh/control_ros2/src/control_motor' returned '0': PYTHONPATH=/home/linh/control_ros2/build/control_motor/prefix_override:/usr/lib/python3/dist-packages/colcon_core/task/python/colcon_distutils_commands:/home/linh/control_ros2/install/control_motor/lib/python3.10/site-packages:${PYTHONPATH} /usr/bin/python3 -W ignore:setup.py install is deprecated setup.py egg_info --egg-base ../../build/control_motor build --build-base /home/linh/control_ros2/build/control_motor/build install --record /home/linh/control_ros2/build/control_motor/install.log --single-version-externally-managed install_data
[1.183s] Level 1:colcon.colcon_core.environment:checking '/home/linh/control_ros2/install/control_motor' for CMake module files
[1.183s] Level 1:colcon.colcon_core.environment:checking '/home/linh/control_ros2/install/control_motor' for CMake config files
[1.184s] Level 1:colcon.colcon_core.environment:checking '/home/linh/control_ros2/install/control_motor/lib'
[1.184s] Level 1:colcon.colcon_core.environment:checking '/home/linh/control_ros2/install/control_motor/bin'
[1.184s] Level 1:colcon.colcon_core.environment:checking '/home/linh/control_ros2/install/control_motor/lib/pkgconfig/control_motor.pc'
[1.184s] Level 1:colcon.colcon_core.environment:checking '/home/linh/control_ros2/install/control_motor/lib/python3.10/site-packages'
[1.184s] Level 1:colcon.colcon_core.shell:create_environment_hook('control_motor', 'pythonpath')
[1.185s] INFO:colcon.colcon_core.shell:Creating environment hook '/home/linh/control_ros2/install/control_motor/share/control_motor/hook/pythonpath.ps1'
[1.185s] INFO:colcon.colcon_core.shell:Creating environment descriptor '/home/linh/control_ros2/install/control_motor/share/control_motor/hook/pythonpath.dsv'
[1.185s] INFO:colcon.colcon_core.shell:Creating environment hook '/home/linh/control_ros2/install/control_motor/share/control_motor/hook/pythonpath.sh'
[1.186s] Level 1:colcon.colcon_core.environment:checking '/home/linh/control_ros2/install/control_motor/bin'
[1.186s] Level 1:colcon.colcon_core.environment:create_environment_scripts_only(control_motor)
[1.186s] INFO:colcon.colcon_core.shell:Creating package script '/home/linh/control_ros2/install/control_motor/share/control_motor/package.ps1'
[1.187s] INFO:colcon.colcon_core.shell:Creating package descriptor '/home/linh/control_ros2/install/control_motor/share/control_motor/package.dsv'
[1.187s] INFO:colcon.colcon_core.shell:Creating package script '/home/linh/control_ros2/install/control_motor/share/control_motor/package.sh'
[1.188s] INFO:colcon.colcon_core.shell:Creating package script '/home/linh/control_ros2/install/control_motor/share/control_motor/package.bash'
[1.189s] INFO:colcon.colcon_core.shell:Creating package script '/home/linh/control_ros2/install/control_motor/share/control_motor/package.zsh'
[1.189s] Level 1:colcon.colcon_core.environment:create_file_with_runtime_dependencies(/home/linh/control_ros2/install/control_motor/share/colcon-core/packages/control_motor)
[1.190s] DEBUG:colcon.colcon_parallel_executor.executor.parallel:closing loop
[1.190s] DEBUG:colcon.colcon_parallel_executor.executor.parallel:loop closed
[1.190s] DEBUG:colcon.colcon_parallel_executor.executor.parallel:run_until_complete finished with '0'
[1.190s] DEBUG:colcon.colcon_core.event_reactor:joining thread
[1.195s] INFO:colcon.colcon_core.plugin_system:Skipping extension 'colcon_notification.desktop_notification.terminal_notifier': Not used on non-Darwin systems
[1.195s] INFO:colcon.colcon_core.plugin_system:Skipping extension 'colcon_notification.desktop_notification.win32': Not used on non-Windows systems
[1.195s] INFO:colcon.colcon_notification.desktop_notification:Sending desktop notification using 'notify2'
[1.212s] DEBUG:colcon.colcon_core.event_reactor:joined thread
[1.212s] INFO:colcon.colcon_core.shell:Creating prefix script '/home/linh/control_ros2/install/local_setup.ps1'
[1.214s] INFO:colcon.colcon_core.shell:Creating prefix util module '/home/linh/control_ros2/install/_local_setup_util_ps1.py'
[1.216s] INFO:colcon.colcon_core.shell:Creating prefix chain script '/home/linh/control_ros2/install/setup.ps1'
[1.217s] INFO:colcon.colcon_core.shell:Creating prefix script '/home/linh/control_ros2/install/local_setup.sh'
[1.218s] INFO:colcon.colcon_core.shell:Creating prefix util module '/home/linh/control_ros2/install/_local_setup_util_sh.py'
[1.218s] INFO:colcon.colcon_core.shell:Creating prefix chain script '/home/linh/control_ros2/install/setup.sh'
[1.219s] INFO:colcon.colcon_core.shell:Creating prefix script '/home/linh/control_ros2/install/local_setup.bash'
[1.220s] INFO:colcon.colcon_core.shell:Creating prefix chain script '/home/linh/control_ros2/install/setup.bash'
[1.221s] INFO:colcon.colcon_core.shell:Creating prefix script '/home/linh/control_ros2/install/local_setup.zsh'
[1.222s] INFO:colcon.colcon_core.shell:Creating prefix chain script '/home/linh/control_ros2/install/setup.zsh'
