[1.133s] Invoking command in '/home/linh/control_ros2/src/control_motor': PYTHONPATH=/home/linh/control_ros2/build/control_motor/prefix_override:/usr/lib/python3/dist-packages/colcon_core/task/python/colcon_distutils_commands:/home/linh/control_ros2/install/control_motor/lib/python3.10/site-packages:${PYTHONPATH} /usr/bin/python3 -W ignore:setup.py install is deprecated setup.py egg_info --egg-base ../../build/control_motor build --build-base /home/linh/control_ros2/build/control_motor/build install --record /home/linh/control_ros2/build/control_motor/install.log --single-version-externally-managed install_data
[1.472s] running egg_info
[1.473s] writing ../../build/control_motor/control_motor.egg-info/PKG-INFO
[1.473s] writing dependency_links to ../../build/control_motor/control_motor.egg-info/dependency_links.txt
[1.473s] writing entry points to ../../build/control_motor/control_motor.egg-info/entry_points.txt
[1.473s] writing requirements to ../../build/control_motor/control_motor.egg-info/requires.txt
[1.473s] writing top-level names to ../../build/control_motor/control_motor.egg-info/top_level.txt
[1.475s] reading manifest file '../../build/control_motor/control_motor.egg-info/SOURCES.txt'
[1.475s] adding license file 'LICENSE'
[1.476s] writing manifest file '../../build/control_motor/control_motor.egg-info/SOURCES.txt'
[1.476s] running build
[1.476s] running build_py
[1.476s] running install
[1.476s] running install_lib
[1.477s] running install_data
[1.478s] running install_egg_info
[1.479s] removing '/home/linh/control_ros2/install/control_motor/lib/python3.10/site-packages/control_motor-0.0.0-py3.10.egg-info' (and everything under it)
[1.479s] Copying ../../build/control_motor/control_motor.egg-info to /home/linh/control_ros2/install/control_motor/lib/python3.10/site-packages/control_motor-0.0.0-py3.10.egg-info
[1.480s] running install_scripts
[1.510s] writing list of installed files to '/home/linh/control_ros2/build/control_motor/install.log'
[1.559s] Invoked command in '/home/linh/control_ros2/src/control_motor' returned '0': PYTHONPATH=/home/linh/control_ros2/build/control_motor/prefix_override:/usr/lib/python3/dist-packages/colcon_core/task/python/colcon_distutils_commands:/home/linh/control_ros2/install/control_motor/lib/python3.10/site-packages:${PYTHONPATH} /usr/bin/python3 -W ignore:setup.py install is deprecated setup.py egg_info --egg-base ../../build/control_motor build --build-base /home/linh/control_ros2/build/control_motor/build install --record /home/linh/control_ros2/build/control_motor/install.log --single-version-externally-managed install_data
