[0.461s] Invoking command in '/home/linh/control_ros2/src/car_3_wheel': PYTHONPATH=/home/linh/control_ros2/build/car_3_wheel/prefix_override:/usr/lib/python3/dist-packages/colcon_core/task/python/colcon_distutils_commands:/home/linh/control_ros2/install/car_3_wheel/lib/python3.10/site-packages:${PYTHONPATH} /usr/bin/python3 -W ignore:setup.py install is deprecated setup.py egg_info --egg-base ../../build/car_3_wheel build --build-base /home/linh/control_ros2/build/car_3_wheel/build install --record /home/linh/control_ros2/build/car_3_wheel/install.log --single-version-externally-managed install_data
[0.639s] running egg_info
[0.640s] writing ../../build/car_3_wheel/car_3_wheel.egg-info/PKG-INFO
[0.640s] writing dependency_links to ../../build/car_3_wheel/car_3_wheel.egg-info/dependency_links.txt
[0.640s] writing entry points to ../../build/car_3_wheel/car_3_wheel.egg-info/entry_points.txt
[0.640s] writing requirements to ../../build/car_3_wheel/car_3_wheel.egg-info/requires.txt
[0.640s] writing top-level names to ../../build/car_3_wheel/car_3_wheel.egg-info/top_level.txt
[0.642s] reading manifest file '../../build/car_3_wheel/car_3_wheel.egg-info/SOURCES.txt'
[0.642s] adding license file 'LICENSE'
[0.643s] writing manifest file '../../build/car_3_wheel/car_3_wheel.egg-info/SOURCES.txt'
[0.643s] running build
[0.643s] running build_py
[0.643s] running install
[0.643s] running install_lib
[0.644s] running install_data
[0.644s] running install_egg_info
[0.645s] removing '/home/linh/control_ros2/install/car_3_wheel/lib/python3.10/site-packages/car_3_wheel-0.0.0-py3.10.egg-info' (and everything under it)
[0.646s] Copying ../../build/car_3_wheel/car_3_wheel.egg-info to /home/linh/control_ros2/install/car_3_wheel/lib/python3.10/site-packages/car_3_wheel-0.0.0-py3.10.egg-info
[0.646s] running install_scripts
[0.663s] writing list of installed files to '/home/linh/control_ros2/build/car_3_wheel/install.log'
[0.686s] Invoked command in '/home/linh/control_ros2/src/car_3_wheel' returned '0': PYTHONPATH=/home/linh/control_ros2/build/car_3_wheel/prefix_override:/usr/lib/python3/dist-packages/colcon_core/task/python/colcon_distutils_commands:/home/linh/control_ros2/install/car_3_wheel/lib/python3.10/site-packages:${PYTHONPATH} /usr/bin/python3 -W ignore:setup.py install is deprecated setup.py egg_info --egg-base ../../build/car_3_wheel build --build-base /home/linh/control_ros2/build/car_3_wheel/build install --record /home/linh/control_ros2/build/car_3_wheel/install.log --single-version-externally-managed install_data
