[0.397s] Invoking command in '/home/linh/control_ros2/src/control_motor': PYTHONPATH=/home/linh/control_ros2/build/control_motor/prefix_override:/usr/lib/python3/dist-packages/colcon_core/task/python/colcon_distutils_commands:/home/linh/control_ros2/install/control_motor/lib/python3.10/site-packages:${PYTHONPATH} /usr/bin/python3 -W ignore:setup.py install is deprecated setup.py egg_info --egg-base ../../build/control_motor build --build-base /home/linh/control_ros2/build/control_motor/build install --record /home/linh/control_ros2/build/control_motor/install.log --single-version-externally-managed install_data
[0.567s] running egg_info
[0.567s] writing ../../build/control_motor/control_motor.egg-info/PKG-INFO
[0.568s] writing dependency_links to ../../build/control_motor/control_motor.egg-info/dependency_links.txt
[0.568s] writing entry points to ../../build/control_motor/control_motor.egg-info/entry_points.txt
[0.568s] writing requirements to ../../build/control_motor/control_motor.egg-info/requires.txt
[0.568s] writing top-level names to ../../build/control_motor/control_motor.egg-info/top_level.txt
[0.569s] reading manifest file '../../build/control_motor/control_motor.egg-info/SOURCES.txt'
[0.569s] adding license file 'LICENSE'
[0.570s] writing manifest file '../../build/control_motor/control_motor.egg-info/SOURCES.txt'
[0.570s] running build
[0.570s] running build_py
[0.570s] running install
[0.570s] running install_lib
[0.571s] running install_data
[0.571s] copying urdf/ver7.urdf -> /home/linh/control_ros2/install/control_motor/share/control_motor/urdf
[0.571s] running install_egg_info
[0.572s] removing '/home/linh/control_ros2/install/control_motor/lib/python3.10/site-packages/control_motor-0.0.0-py3.10.egg-info' (and everything under it)
[0.572s] Copying ../../build/control_motor/control_motor.egg-info to /home/linh/control_ros2/install/control_motor/lib/python3.10/site-packages/control_motor-0.0.0-py3.10.egg-info
[0.573s] running install_scripts
[0.587s] writing list of installed files to '/home/linh/control_ros2/build/control_motor/install.log'
[0.604s] Invoked command in '/home/linh/control_ros2/src/control_motor' returned '0': PYTHONPATH=/home/linh/control_ros2/build/control_motor/prefix_override:/usr/lib/python3/dist-packages/colcon_core/task/python/colcon_distutils_commands:/home/linh/control_ros2/install/control_motor/lib/python3.10/site-packages:${PYTHONPATH} /usr/bin/python3 -W ignore:setup.py install is deprecated setup.py egg_info --egg-base ../../build/control_motor build --build-base /home/linh/control_ros2/build/control_motor/build install --record /home/linh/control_ros2/build/control_motor/install.log --single-version-externally-managed install_data
