running egg_info
writing ../../build/rubupack/rubupack.egg-info/PKG-INFO
writing dependency_links to ../../build/rubupack/rubupack.egg-info/dependency_links.txt
writing entry points to ../../build/rubupack/rubupack.egg-info/entry_points.txt
writing requirements to ../../build/rubupack/rubupack.egg-info/requires.txt
writing top-level names to ../../build/rubupack/rubupack.egg-info/top_level.txt
reading manifest file '../../build/rubupack/rubupack.egg-info/SOURCES.txt'
adding license file 'LICENSE'
writing manifest file '../../build/rubupack/rubupack.egg-info/SOURCES.txt'
running build
running build_py
running install
running install_lib
running install_data
copying launch/gazebo.launch.py -> /home/linh/control_ros2/install/rubupack/share/rubupack/launch
running install_egg_info
removing '/home/linh/control_ros2/install/rubupack/lib/python3.10/site-packages/rubupack-0.0.0-py3.10.egg-info' (and everything under it)
Copying ../../build/rubupack/rubupack.egg-info to /home/linh/control_ros2/install/rubupack/lib/python3.10/site-packages/rubupack-0.0.0-py3.10.egg-info
running install_scripts
writing list of installed files to '/home/linh/control_ros2/build/rubupack/install.log'
