running egg_info
creating ../../build/control_motor/control_motor.egg-info
writing ../../build/control_motor/control_motor.egg-info/PKG-INFO
writing dependency_links to ../../build/control_motor/control_motor.egg-info/dependency_links.txt
writing entry points to ../../build/control_motor/control_motor.egg-info/entry_points.txt
writing requirements to ../../build/control_motor/control_motor.egg-info/requires.txt
writing top-level names to ../../build/control_motor/control_motor.egg-info/top_level.txt
writing manifest file '../../build/control_motor/control_motor.egg-info/SOURCES.txt'
reading manifest file '../../build/control_motor/control_motor.egg-info/SOURCES.txt'
adding license file 'LICENSE'
writing manifest file '../../build/control_motor/control_motor.egg-info/SOURCES.txt'
running build
running build_py
creating /home/linh/control_ros2/build/control_motor/build
creating /home/linh/control_ros2/build/control_motor/build/lib
creating /home/linh/control_ros2/build/control_motor/build/lib/control_motor
copying control_motor/__init__.py -> /home/linh/control_ros2/build/control_motor/build/lib/control_motor
running install
running install_lib
creating /home/linh/control_ros2/install/control_motor/lib/python3.10/site-packages/control_motor
copying /home/linh/control_ros2/build/control_motor/build/lib/control_motor/__init__.py -> /home/linh/control_ros2/install/control_motor/lib/python3.10/site-packages/control_motor
byte-compiling /home/linh/control_ros2/install/control_motor/lib/python3.10/site-packages/control_motor/__init__.py to __init__.cpython-310.pyc
running install_data
creating /home/linh/control_ros2/install/control_motor/share/ament_index
creating /home/linh/control_ros2/install/control_motor/share/ament_index/resource_index
creating /home/linh/control_ros2/install/control_motor/share/ament_index/resource_index/packages
copying resource/control_motor -> /home/linh/control_ros2/install/control_motor/share/ament_index/resource_index/packages
copying package.xml -> /home/linh/control_ros2/install/control_motor/share/control_motor
running install_egg_info
Copying ../../build/control_motor/control_motor.egg-info to /home/linh/control_ros2/install/control_motor/lib/python3.10/site-packages/control_motor-0.0.0-py3.10.egg-info
running install_scripts
writing list of installed files to '/home/linh/control_ros2/build/control_motor/install.log'
