[0.416s] Invoking command in '/home/linh/control_ros2/src/control_motor': PYTHONPATH=/home/linh/control_ros2/build/control_motor/prefix_override:/usr/lib/python3/dist-packages/colcon_core/task/python/colcon_distutils_commands:/home/linh/control_ros2/install/control_motor/lib/python3.10/site-packages:${PYTHONPATH} /usr/bin/python3 -W ignore:setup.py install is deprecated setup.py egg_info --egg-base ../../build/control_motor build --build-base /home/linh/control_ros2/build/control_motor/build install --record /home/linh/control_ros2/build/control_motor/install.log --single-version-externally-managed install_data
[0.586s] running egg_info
[0.586s] creating ../../build/control_motor/control_motor.egg-info
[0.587s] writing ../../build/control_motor/control_motor.egg-info/PKG-INFO
[0.587s] writing dependency_links to ../../build/control_motor/control_motor.egg-info/dependency_links.txt
[0.587s] writing entry points to ../../build/control_motor/control_motor.egg-info/entry_points.txt
[0.587s] writing requirements to ../../build/control_motor/control_motor.egg-info/requires.txt
[0.587s] writing top-level names to ../../build/control_motor/control_motor.egg-info/top_level.txt
[0.587s] writing manifest file '../../build/control_motor/control_motor.egg-info/SOURCES.txt'
[0.589s] reading manifest file '../../build/control_motor/control_motor.egg-info/SOURCES.txt'
[0.589s] adding license file 'LICENSE'
[0.590s] writing manifest file '../../build/control_motor/control_motor.egg-info/SOURCES.txt'
[0.590s] running build
[0.590s] running build_py
[0.590s] creating /home/linh/control_ros2/build/control_motor/build
[0.590s] creating /home/linh/control_ros2/build/control_motor/build/lib
[0.590s] creating /home/linh/control_ros2/build/control_motor/build/lib/control_motor
[0.590s] copying control_motor/__init__.py -> /home/linh/control_ros2/build/control_motor/build/lib/control_motor
[0.590s] running install
[0.590s] running install_lib
[0.591s] creating /home/linh/control_ros2/install/control_motor/lib/python3.10/site-packages/control_motor
[0.591s] copying /home/linh/control_ros2/build/control_motor/build/lib/control_motor/__init__.py -> /home/linh/control_ros2/install/control_motor/lib/python3.10/site-packages/control_motor
[0.592s] byte-compiling /home/linh/control_ros2/install/control_motor/lib/python3.10/site-packages/control_motor/__init__.py to __init__.cpython-310.pyc
[0.592s] running install_data
[0.592s] creating /home/linh/control_ros2/install/control_motor/share/ament_index
[0.592s] creating /home/linh/control_ros2/install/control_motor/share/ament_index/resource_index
[0.592s] creating /home/linh/control_ros2/install/control_motor/share/ament_index/resource_index/packages
[0.592s] copying resource/control_motor -> /home/linh/control_ros2/install/control_motor/share/ament_index/resource_index/packages
[0.592s] copying package.xml -> /home/linh/control_ros2/install/control_motor/share/control_motor
[0.592s] running install_egg_info
[0.594s] Copying ../../build/control_motor/control_motor.egg-info to /home/linh/control_ros2/install/control_motor/lib/python3.10/site-packages/control_motor-0.0.0-py3.10.egg-info
[0.595s] running install_scripts
[0.612s] writing list of installed files to '/home/linh/control_ros2/build/control_motor/install.log'
[0.634s] Invoked command in '/home/linh/control_ros2/src/control_motor' returned '0': PYTHONPATH=/home/linh/control_ros2/build/control_motor/prefix_override:/usr/lib/python3/dist-packages/colcon_core/task/python/colcon_distutils_commands:/home/linh/control_ros2/install/control_motor/lib/python3.10/site-packages:${PYTHONPATH} /usr/bin/python3 -W ignore:setup.py install is deprecated setup.py egg_info --egg-base ../../build/control_motor build --build-base /home/linh/control_ros2/build/control_motor/build install --record /home/linh/control_ros2/build/control_motor/install.log --single-version-externally-managed install_data
