[0.081s] DEBUG:colcon:Command line arguments: ['/usr/bin/colcon', 'build']
[0.081s] DEBUG:colcon:Parsed command line arguments: Namespace(log_base=None, log_level=None, verb_name='build', build_base='build', install_base='install', merge_install=False, symlink_install=False, test_result_base=None, continue_on_error=False, executor='parallel', parallel_workers=8, event_handlers=None, ignore_user_meta=False, metas=['./colcon.meta'], base_paths=['.'], packages_ignore=None, packages_ignore_regex=None, paths=None, packages_up_to=None, packages_up_to_regex=None, packages_above=None, packages_above_and_dependencies=None, packages_above_depth=None, packages_select_by_dep=None, packages_skip_by_dep=None, packages_skip_up_to=None, packages_select_build_failed=False, packages_skip_build_finished=False, packages_select_test_failures=False, packages_skip_test_passed=False, packages_select=None, packages_skip=None, packages_select_regex=None, packages_skip_regex=None, packages_start=None, packages_end=None, allow_overriding=[], cmake_args=None, cmake_target=None, cmake_target_skip_unavailable=False, cmake_clean_cache=False, cmake_clean_first=False, cmake_force_configure=False, ament_cmake_args=None, catkin_cmake_args=None, catkin_skip_building_tests=False, mixin_files=None, mixin=None, verb_parser=<colcon_mixin.mixin.mixin_argument.MixinArgumentDecorator object at 0x7382bffbde10>, verb_extension=<colcon_core.verb.build.BuildVerb object at 0x7382bffbd930>, main=<bound method BuildVerb.main of <colcon_core.verb.build.BuildVerb object at 0x7382bffbd930>>, mixin_verb=('build',))
[0.190s] Level 1:colcon.colcon_core.package_discovery:discover_packages(colcon_meta) check parameters
[0.191s] Level 1:colcon.colcon_core.package_discovery:discover_packages(recursive) check parameters
[0.191s] Level 1:colcon.colcon_core.package_discovery:discover_packages(ignore) check parameters
[0.191s] Level 1:colcon.colcon_core.package_discovery:discover_packages(path) check parameters
[0.191s] Level 1:colcon.colcon_core.package_discovery:discover_packages(colcon_meta) discover
[0.191s] Level 1:colcon.colcon_core.package_discovery:discover_packages(recursive) discover
[0.191s] INFO:colcon.colcon_core.package_discovery:Crawling recursively for packages in '/home/linh/control_ros2'
[0.191s] Level 1:colcon.colcon_core.package_identification:_identify(.) by extensions ['ignore', 'ignore_ament_install']
[0.191s] Level 1:colcon.colcon_core.package_identification:_identify(.) by extension 'ignore'
[0.191s] Level 1:colcon.colcon_core.package_identification:_identify(.) by extension 'ignore_ament_install'
[0.191s] Level 1:colcon.colcon_core.package_identification:_identify(.) by extensions ['colcon_pkg']
[0.191s] Level 1:colcon.colcon_core.package_identification:_identify(.) by extension 'colcon_pkg'
[0.191s] Level 1:colcon.colcon_core.package_identification:_identify(.) by extensions ['colcon_meta']
[0.191s] Level 1:colcon.colcon_core.package_identification:_identify(.) by extension 'colcon_meta'
[0.191s] Level 1:colcon.colcon_core.package_identification:_identify(.) by extensions ['ros']
[0.191s] Level 1:colcon.colcon_core.package_identification:_identify(.) by extension 'ros'
[0.200s] Level 1:colcon.colcon_core.package_identification:_identify(.) by extensions ['cmake', 'python']
[0.200s] Level 1:colcon.colcon_core.package_identification:_identify(.) by extension 'cmake'
[0.200s] Level 1:colcon.colcon_core.package_identification:_identify(.) by extension 'python'
[0.200s] Level 1:colcon.colcon_core.package_identification:_identify(.) by extensions ['python_setup_py']
[0.200s] Level 1:colcon.colcon_core.package_identification:_identify(.) by extension 'python_setup_py'
[0.200s] Level 1:colcon.colcon_core.package_identification:_identify(build) by extensions ['ignore', 'ignore_ament_install']
[0.200s] Level 1:colcon.colcon_core.package_identification:_identify(build) by extension 'ignore'
[0.200s] Level 1:colcon.colcon_core.package_identification:_identify(build) ignored
[0.200s] Level 1:colcon.colcon_core.package_identification:_identify(install) by extensions ['ignore', 'ignore_ament_install']
[0.200s] Level 1:colcon.colcon_core.package_identification:_identify(install) by extension 'ignore'
[0.200s] Level 1:colcon.colcon_core.package_identification:_identify(install) ignored
[0.201s] Level 1:colcon.colcon_core.package_identification:_identify(log) by extensions ['ignore', 'ignore_ament_install']
[0.201s] Level 1:colcon.colcon_core.package_identification:_identify(log) by extension 'ignore'
[0.201s] Level 1:colcon.colcon_core.package_identification:_identify(log) ignored
[0.201s] Level 1:colcon.colcon_core.package_identification:_identify(src) by extensions ['ignore', 'ignore_ament_install']
[0.201s] Level 1:colcon.colcon_core.package_identification:_identify(src) by extension 'ignore'
[0.201s] Level 1:colcon.colcon_core.package_identification:_identify(src) by extension 'ignore_ament_install'
[0.201s] Level 1:colcon.colcon_core.package_identification:_identify(src) by extensions ['colcon_pkg']
[0.201s] Level 1:colcon.colcon_core.package_identification:_identify(src) by extension 'colcon_pkg'
[0.201s] Level 1:colcon.colcon_core.package_identification:_identify(src) by extensions ['colcon_meta']
[0.201s] Level 1:colcon.colcon_core.package_identification:_identify(src) by extension 'colcon_meta'
[0.201s] Level 1:colcon.colcon_core.package_identification:_identify(src) by extensions ['ros']
[0.201s] Level 1:colcon.colcon_core.package_identification:_identify(src) by extension 'ros'
[0.201s] Level 1:colcon.colcon_core.package_identification:_identify(src) by extensions ['cmake', 'python']
[0.201s] Level 1:colcon.colcon_core.package_identification:_identify(src) by extension 'cmake'
[0.201s] Level 1:colcon.colcon_core.package_identification:_identify(src) by extension 'python'
[0.201s] Level 1:colcon.colcon_core.package_identification:_identify(src) by extensions ['python_setup_py']
[0.201s] Level 1:colcon.colcon_core.package_identification:_identify(src) by extension 'python_setup_py'
[0.201s] Level 1:colcon.colcon_core.package_identification:_identify(src/car_3_wheel) by extensions ['ignore', 'ignore_ament_install']
[0.201s] Level 1:colcon.colcon_core.package_identification:_identify(src/car_3_wheel) by extension 'ignore'
[0.201s] Level 1:colcon.colcon_core.package_identification:_identify(src/car_3_wheel) by extension 'ignore_ament_install'
[0.201s] Level 1:colcon.colcon_core.package_identification:_identify(src/car_3_wheel) by extensions ['colcon_pkg']
[0.201s] Level 1:colcon.colcon_core.package_identification:_identify(src/car_3_wheel) by extension 'colcon_pkg'
[0.202s] Level 1:colcon.colcon_core.package_identification:_identify(src/car_3_wheel) by extensions ['colcon_meta']
[0.202s] Level 1:colcon.colcon_core.package_identification:_identify(src/car_3_wheel) by extension 'colcon_meta'
[0.202s] Level 1:colcon.colcon_core.package_identification:_identify(src/car_3_wheel) by extensions ['ros']
[0.202s] Level 1:colcon.colcon_core.package_identification:_identify(src/car_3_wheel) by extension 'ros'
[0.203s] DEBUG:colcon.colcon_core.package_identification:Package 'src/car_3_wheel' with type 'ros.ament_python' and name 'car_3_wheel'
[0.203s] Level 1:colcon.colcon_core.package_identification:_identify(src/control_motor) by extensions ['ignore', 'ignore_ament_install']
[0.203s] Level 1:colcon.colcon_core.package_identification:_identify(src/control_motor) by extension 'ignore'
[0.203s] Level 1:colcon.colcon_core.package_identification:_identify(src/control_motor) by extension 'ignore_ament_install'
[0.204s] Level 1:colcon.colcon_core.package_identification:_identify(src/control_motor) by extensions ['colcon_pkg']
[0.204s] Level 1:colcon.colcon_core.package_identification:_identify(src/control_motor) by extension 'colcon_pkg'
[0.204s] Level 1:colcon.colcon_core.package_identification:_identify(src/control_motor) by extensions ['colcon_meta']
[0.204s] Level 1:colcon.colcon_core.package_identification:_identify(src/control_motor) by extension 'colcon_meta'
[0.204s] Level 1:colcon.colcon_core.package_identification:_identify(src/control_motor) by extensions ['ros']
[0.204s] Level 1:colcon.colcon_core.package_identification:_identify(src/control_motor) by extension 'ros'
[0.204s] DEBUG:colcon.colcon_core.package_identification:Package 'src/control_motor' with type 'ros.ament_python' and name 'control_motor'
[0.204s] Level 1:colcon.colcon_core.package_identification:_identify(src/rubupack) by extensions ['ignore', 'ignore_ament_install']
[0.204s] Level 1:colcon.colcon_core.package_identification:_identify(src/rubupack) by extension 'ignore'
[0.204s] Level 1:colcon.colcon_core.package_identification:_identify(src/rubupack) by extension 'ignore_ament_install'
[0.204s] Level 1:colcon.colcon_core.package_identification:_identify(src/rubupack) by extensions ['colcon_pkg']
[0.204s] Level 1:colcon.colcon_core.package_identification:_identify(src/rubupack) by extension 'colcon_pkg'
[0.204s] Level 1:colcon.colcon_core.package_identification:_identify(src/rubupack) by extensions ['colcon_meta']
[0.204s] Level 1:colcon.colcon_core.package_identification:_identify(src/rubupack) by extension 'colcon_meta'
[0.204s] Level 1:colcon.colcon_core.package_identification:_identify(src/rubupack) by extensions ['ros']
[0.204s] Level 1:colcon.colcon_core.package_identification:_identify(src/rubupack) by extension 'ros'
[0.205s] DEBUG:colcon.colcon_core.package_identification:Package 'src/rubupack' with type 'ros.ament_python' and name 'rubupack'
[0.205s] Level 1:colcon.colcon_core.package_discovery:discover_packages(recursive) using defaults
[0.205s] Level 1:colcon.colcon_core.package_discovery:discover_packages(ignore) discover
[0.205s] Level 1:colcon.colcon_core.package_discovery:discover_packages(ignore) using defaults
[0.205s] Level 1:colcon.colcon_core.package_discovery:discover_packages(path) discover
[0.205s] Level 1:colcon.colcon_core.package_discovery:discover_packages(path) using defaults
[0.219s] Level 1:colcon.colcon_core.package_discovery:discover_packages(prefix_path) check parameters
[0.219s] Level 1:colcon.colcon_core.package_discovery:discover_packages(prefix_path) discover
[0.221s] DEBUG:colcon.colcon_installed_package_information.package_discovery:Found 289 installed packages in /opt/ros/humble
[0.230s] Level 1:colcon.colcon_core.package_discovery:discover_packages(prefix_path) using defaults
[0.258s] Level 5:colcon.colcon_core.verb:set package 'car_3_wheel' build argument 'cmake_args' from command line to 'None'
[0.259s] Level 5:colcon.colcon_core.verb:set package 'car_3_wheel' build argument 'cmake_target' from command line to 'None'
[0.259s] Level 5:colcon.colcon_core.verb:set package 'car_3_wheel' build argument 'cmake_target_skip_unavailable' from command line to 'False'
[0.259s] Level 5:colcon.colcon_core.verb:set package 'car_3_wheel' build argument 'cmake_clean_cache' from command line to 'False'
[0.259s] Level 5:colcon.colcon_core.verb:set package 'car_3_wheel' build argument 'cmake_clean_first' from command line to 'False'
[0.259s] Level 5:colcon.colcon_core.verb:set package 'car_3_wheel' build argument 'cmake_force_configure' from command line to 'False'
[0.259s] Level 5:colcon.colcon_core.verb:set package 'car_3_wheel' build argument 'ament_cmake_args' from command line to 'None'
[0.259s] Level 5:colcon.colcon_core.verb:set package 'car_3_wheel' build argument 'catkin_cmake_args' from command line to 'None'
[0.259s] Level 5:colcon.colcon_core.verb:set package 'car_3_wheel' build argument 'catkin_skip_building_tests' from command line to 'False'
[0.259s] DEBUG:colcon.colcon_core.verb:Building package 'car_3_wheel' with the following arguments: {'ament_cmake_args': None, 'build_base': '/home/linh/control_ros2/build/car_3_wheel', 'catkin_cmake_args': None, 'catkin_skip_building_tests': False, 'cmake_args': None, 'cmake_clean_cache': False, 'cmake_clean_first': False, 'cmake_force_configure': False, 'cmake_target': None, 'cmake_target_skip_unavailable': False, 'install_base': '/home/linh/control_ros2/install/car_3_wheel', 'merge_install': False, 'path': '/home/linh/control_ros2/src/car_3_wheel', 'symlink_install': False, 'test_result_base': None}
[0.259s] Level 5:colcon.colcon_core.verb:set package 'control_motor' build argument 'cmake_args' from command line to 'None'
[0.259s] Level 5:colcon.colcon_core.verb:set package 'control_motor' build argument 'cmake_target' from command line to 'None'
[0.259s] Level 5:colcon.colcon_core.verb:set package 'control_motor' build argument 'cmake_target_skip_unavailable' from command line to 'False'
[0.259s] Level 5:colcon.colcon_core.verb:set package 'control_motor' build argument 'cmake_clean_cache' from command line to 'False'
[0.259s] Level 5:colcon.colcon_core.verb:set package 'control_motor' build argument 'cmake_clean_first' from command line to 'False'
[0.259s] Level 5:colcon.colcon_core.verb:set package 'control_motor' build argument 'cmake_force_configure' from command line to 'False'
[0.260s] Level 5:colcon.colcon_core.verb:set package 'control_motor' build argument 'ament_cmake_args' from command line to 'None'
[0.260s] Level 5:colcon.colcon_core.verb:set package 'control_motor' build argument 'catkin_cmake_args' from command line to 'None'
[0.260s] Level 5:colcon.colcon_core.verb:set package 'control_motor' build argument 'catkin_skip_building_tests' from command line to 'False'
[0.260s] DEBUG:colcon.colcon_core.verb:Building package 'control_motor' with the following arguments: {'ament_cmake_args': None, 'build_base': '/home/linh/control_ros2/build/control_motor', 'catkin_cmake_args': None, 'catkin_skip_building_tests': False, 'cmake_args': None, 'cmake_clean_cache': False, 'cmake_clean_first': False, 'cmake_force_configure': False, 'cmake_target': None, 'cmake_target_skip_unavailable': False, 'install_base': '/home/linh/control_ros2/install/control_motor', 'merge_install': False, 'path': '/home/linh/control_ros2/src/control_motor', 'symlink_install': False, 'test_result_base': None}
[0.260s] Level 5:colcon.colcon_core.verb:set package 'rubupack' build argument 'cmake_args' from command line to 'None'
[0.260s] Level 5:colcon.colcon_core.verb:set package 'rubupack' build argument 'cmake_target' from command line to 'None'
[0.260s] Level 5:colcon.colcon_core.verb:set package 'rubupack' build argument 'cmake_target_skip_unavailable' from command line to 'False'
[0.260s] Level 5:colcon.colcon_core.verb:set package 'rubupack' build argument 'cmake_clean_cache' from command line to 'False'
[0.260s] Level 5:colcon.colcon_core.verb:set package 'rubupack' build argument 'cmake_clean_first' from command line to 'False'
[0.260s] Level 5:colcon.colcon_core.verb:set package 'rubupack' build argument 'cmake_force_configure' from command line to 'False'
[0.260s] Level 5:colcon.colcon_core.verb:set package 'rubupack' build argument 'ament_cmake_args' from command line to 'None'
[0.260s] Level 5:colcon.colcon_core.verb:set package 'rubupack' build argument 'catkin_cmake_args' from command line to 'None'
[0.260s] Level 5:colcon.colcon_core.verb:set package 'rubupack' build argument 'catkin_skip_building_tests' from command line to 'False'
[0.260s] DEBUG:colcon.colcon_core.verb:Building package 'rubupack' with the following arguments: {'ament_cmake_args': None, 'build_base': '/home/linh/control_ros2/build/rubupack', 'catkin_cmake_args': None, 'catkin_skip_building_tests': False, 'cmake_args': None, 'cmake_clean_cache': False, 'cmake_clean_first': False, 'cmake_force_configure': False, 'cmake_target': None, 'cmake_target_skip_unavailable': False, 'install_base': '/home/linh/control_ros2/install/rubupack', 'merge_install': False, 'path': '/home/linh/control_ros2/src/rubupack', 'symlink_install': False, 'test_result_base': None}
[0.260s] INFO:colcon.colcon_core.executor:Executing jobs using 'parallel' executor
[0.261s] DEBUG:colcon.colcon_parallel_executor.executor.parallel:run_until_complete
[0.262s] INFO:colcon.colcon_ros.task.ament_python.build:Building ROS package in '/home/linh/control_ros2/src/car_3_wheel' with build type 'ament_python'
[0.262s] Level 1:colcon.colcon_core.shell:create_environment_hook('car_3_wheel', 'ament_prefix_path')
[0.264s] INFO:colcon.colcon_core.plugin_system:Skipping extension 'colcon_core.shell.bat': Not used on non-Windows systems
[0.264s] INFO:colcon.colcon_core.shell:Creating environment hook '/home/linh/control_ros2/install/car_3_wheel/share/car_3_wheel/hook/ament_prefix_path.ps1'
[0.264s] INFO:colcon.colcon_core.shell:Creating environment descriptor '/home/linh/control_ros2/install/car_3_wheel/share/car_3_wheel/hook/ament_prefix_path.dsv'
[0.265s] INFO:colcon.colcon_core.shell:Creating environment hook '/home/linh/control_ros2/install/car_3_wheel/share/car_3_wheel/hook/ament_prefix_path.sh'
[0.265s] INFO:colcon.colcon_core.shell:Skip shell extension 'powershell' for command environment: Not usable outside of PowerShell
[0.265s] DEBUG:colcon.colcon_core.shell:Skip shell extension 'dsv' for command environment
[0.268s] INFO:colcon.colcon_ros.task.ament_python.build:Building ROS package in '/home/linh/control_ros2/src/control_motor' with build type 'ament_python'
[0.268s] Level 1:colcon.colcon_core.shell:create_environment_hook('control_motor', 'ament_prefix_path')
[0.268s] INFO:colcon.colcon_core.shell:Creating environment hook '/home/linh/control_ros2/install/control_motor/share/control_motor/hook/ament_prefix_path.ps1'
[0.269s] INFO:colcon.colcon_core.shell:Creating environment descriptor '/home/linh/control_ros2/install/control_motor/share/control_motor/hook/ament_prefix_path.dsv'
[0.269s] INFO:colcon.colcon_core.shell:Creating environment hook '/home/linh/control_ros2/install/control_motor/share/control_motor/hook/ament_prefix_path.sh'
[0.270s] INFO:colcon.colcon_core.shell:Skip shell extension 'powershell' for command environment: Not usable outside of PowerShell
[0.270s] DEBUG:colcon.colcon_core.shell:Skip shell extension 'dsv' for command environment
[0.273s] INFO:colcon.colcon_ros.task.ament_python.build:Building ROS package in '/home/linh/control_ros2/src/rubupack' with build type 'ament_python'
[0.274s] Level 1:colcon.colcon_core.shell:create_environment_hook('rubupack', 'ament_prefix_path')
[0.274s] INFO:colcon.colcon_core.shell:Creating environment hook '/home/linh/control_ros2/install/rubupack/share/rubupack/hook/ament_prefix_path.ps1'
[0.275s] INFO:colcon.colcon_core.shell:Creating environment descriptor '/home/linh/control_ros2/install/rubupack/share/rubupack/hook/ament_prefix_path.dsv'
[0.276s] INFO:colcon.colcon_core.shell:Creating environment hook '/home/linh/control_ros2/install/rubupack/share/rubupack/hook/ament_prefix_path.sh'
[0.276s] INFO:colcon.colcon_core.shell:Skip shell extension 'powershell' for command environment: Not usable outside of PowerShell
[0.277s] DEBUG:colcon.colcon_core.shell:Skip shell extension 'dsv' for command environment
[0.518s] INFO:colcon.colcon_core.task.python.build:Building Python package in '/home/linh/control_ros2/src/car_3_wheel'
[0.519s] INFO:colcon.colcon_core.shell:Skip shell extension 'powershell' for command environment: Not usable outside of PowerShell
[0.519s] DEBUG:colcon.colcon_core.shell:Skip shell extension 'dsv' for command environment
[0.815s] INFO:colcon.colcon_core.task.python.build:Building Python package in '/home/linh/control_ros2/src/control_motor'
[0.815s] INFO:colcon.colcon_core.shell:Skip shell extension 'powershell' for command environment: Not usable outside of PowerShell
[0.815s] DEBUG:colcon.colcon_core.shell:Skip shell extension 'dsv' for command environment
[1.030s] INFO:colcon.colcon_core.task.python.build:Building Python package in '/home/linh/control_ros2/src/rubupack'
[1.030s] INFO:colcon.colcon_core.shell:Skip shell extension 'powershell' for command environment: Not usable outside of PowerShell
[1.030s] DEBUG:colcon.colcon_core.shell:Skip shell extension 'dsv' for command environment
[1.401s] DEBUG:colcon.colcon_core.event_handler.log_command:Invoking command in '/home/linh/control_ros2/src/control_motor': PYTHONPATH=/home/linh/control_ros2/build/control_motor/prefix_override:/usr/lib/python3/dist-packages/colcon_core/task/python/colcon_distutils_commands:/home/linh/control_ros2/install/control_motor/lib/python3.10/site-packages:${PYTHONPATH} /usr/bin/python3 -W ignore:setup.py install is deprecated setup.py egg_info --egg-base ../../build/control_motor build --build-base /home/linh/control_ros2/build/control_motor/build install --record /home/linh/control_ros2/build/control_motor/install.log --single-version-externally-managed install_data
[1.404s] DEBUG:colcon.colcon_core.event_handler.log_command:Invoking command in '/home/linh/control_ros2/src/rubupack': PYTHONPATH=/home/linh/control_ros2/build/rubupack/prefix_override:/usr/lib/python3/dist-packages/colcon_core/task/python/colcon_distutils_commands:/home/linh/control_ros2/install/rubupack/lib/python3.10/site-packages:${PYTHONPATH} /usr/bin/python3 -W ignore:setup.py install is deprecated setup.py egg_info --egg-base ../../build/rubupack build --build-base /home/linh/control_ros2/build/rubupack/build install --record /home/linh/control_ros2/build/rubupack/install.log --single-version-externally-managed install_data
[1.423s] DEBUG:colcon.colcon_core.event_handler.log_command:Invoking command in '/home/linh/control_ros2/src/car_3_wheel': PYTHONPATH=/home/linh/control_ros2/build/car_3_wheel/prefix_override:/usr/lib/python3/dist-packages/colcon_core/task/python/colcon_distutils_commands:/home/linh/control_ros2/install/car_3_wheel/lib/python3.10/site-packages:${PYTHONPATH} /usr/bin/python3 -W ignore:setup.py install is deprecated setup.py egg_info --egg-base ../../build/car_3_wheel build --build-base /home/linh/control_ros2/build/car_3_wheel/build install --record /home/linh/control_ros2/build/car_3_wheel/install.log --single-version-externally-managed install_data
[1.808s] DEBUG:colcon.colcon_core.event_handler.log_command:Invoked command in '/home/linh/control_ros2/src/rubupack' returned '0': PYTHONPATH=/home/linh/control_ros2/build/rubupack/prefix_override:/usr/lib/python3/dist-packages/colcon_core/task/python/colcon_distutils_commands:/home/linh/control_ros2/install/rubupack/lib/python3.10/site-packages:${PYTHONPATH} /usr/bin/python3 -W ignore:setup.py install is deprecated setup.py egg_info --egg-base ../../build/rubupack build --build-base /home/linh/control_ros2/build/rubupack/build install --record /home/linh/control_ros2/build/rubupack/install.log --single-version-externally-managed install_data
[1.810s] Level 1:colcon.colcon_core.environment:checking '/home/linh/control_ros2/install/rubupack' for CMake module files
[1.810s] Level 1:colcon.colcon_core.environment:checking '/home/linh/control_ros2/install/rubupack' for CMake config files
[1.811s] Level 1:colcon.colcon_core.environment:checking '/home/linh/control_ros2/install/rubupack/lib'
[1.811s] Level 1:colcon.colcon_core.environment:checking '/home/linh/control_ros2/install/rubupack/bin'
[1.811s] Level 1:colcon.colcon_core.environment:checking '/home/linh/control_ros2/install/rubupack/lib/pkgconfig/rubupack.pc'
[1.812s] Level 1:colcon.colcon_core.environment:checking '/home/linh/control_ros2/install/rubupack/lib/python3.10/site-packages'
[1.812s] Level 1:colcon.colcon_core.shell:create_environment_hook('rubupack', 'pythonpath')
[1.812s] INFO:colcon.colcon_core.shell:Creating environment hook '/home/linh/control_ros2/install/rubupack/share/rubupack/hook/pythonpath.ps1'
[1.813s] INFO:colcon.colcon_core.shell:Creating environment descriptor '/home/linh/control_ros2/install/rubupack/share/rubupack/hook/pythonpath.dsv'
[1.813s] INFO:colcon.colcon_core.shell:Creating environment hook '/home/linh/control_ros2/install/rubupack/share/rubupack/hook/pythonpath.sh'
[1.814s] Level 1:colcon.colcon_core.environment:checking '/home/linh/control_ros2/install/rubupack/bin'
[1.814s] Level 1:colcon.colcon_core.environment:create_environment_scripts_only(rubupack)
[1.815s] INFO:colcon.colcon_core.shell:Creating package script '/home/linh/control_ros2/install/rubupack/share/rubupack/package.ps1'
[1.816s] INFO:colcon.colcon_core.shell:Creating package descriptor '/home/linh/control_ros2/install/rubupack/share/rubupack/package.dsv'
[1.817s] INFO:colcon.colcon_core.shell:Creating package script '/home/linh/control_ros2/install/rubupack/share/rubupack/package.sh'
[1.817s] INFO:colcon.colcon_core.shell:Creating package script '/home/linh/control_ros2/install/rubupack/share/rubupack/package.bash'
[1.818s] INFO:colcon.colcon_core.shell:Creating package script '/home/linh/control_ros2/install/rubupack/share/rubupack/package.zsh'
[1.819s] Level 1:colcon.colcon_core.environment:create_file_with_runtime_dependencies(/home/linh/control_ros2/install/rubupack/share/colcon-core/packages/rubupack)
[1.826s] Level 1:colcon.colcon_core.environment:checking '/home/linh/control_ros2/install/control_motor' for CMake module files
[1.827s] DEBUG:colcon.colcon_core.event_handler.log_command:Invoked command in '/home/linh/control_ros2/src/control_motor' returned '0': PYTHONPATH=/home/linh/control_ros2/build/control_motor/prefix_override:/usr/lib/python3/dist-packages/colcon_core/task/python/colcon_distutils_commands:/home/linh/control_ros2/install/control_motor/lib/python3.10/site-packages:${PYTHONPATH} /usr/bin/python3 -W ignore:setup.py install is deprecated setup.py egg_info --egg-base ../../build/control_motor build --build-base /home/linh/control_ros2/build/control_motor/build install --record /home/linh/control_ros2/build/control_motor/install.log --single-version-externally-managed install_data
[1.827s] Level 1:colcon.colcon_core.environment:checking '/home/linh/control_ros2/install/control_motor' for CMake config files
[1.828s] Level 1:colcon.colcon_core.environment:checking '/home/linh/control_ros2/install/control_motor/lib'
[1.828s] Level 1:colcon.colcon_core.environment:checking '/home/linh/control_ros2/install/control_motor/bin'
[1.828s] Level 1:colcon.colcon_core.environment:checking '/home/linh/control_ros2/install/control_motor/lib/pkgconfig/control_motor.pc'
[1.828s] Level 1:colcon.colcon_core.environment:checking '/home/linh/control_ros2/install/control_motor/lib/python3.10/site-packages'
[1.829s] Level 1:colcon.colcon_core.shell:create_environment_hook('control_motor', 'pythonpath')
[1.829s] INFO:colcon.colcon_core.shell:Creating environment hook '/home/linh/control_ros2/install/control_motor/share/control_motor/hook/pythonpath.ps1'
[1.829s] INFO:colcon.colcon_core.shell:Creating environment descriptor '/home/linh/control_ros2/install/control_motor/share/control_motor/hook/pythonpath.dsv'
[1.829s] INFO:colcon.colcon_core.shell:Creating environment hook '/home/linh/control_ros2/install/control_motor/share/control_motor/hook/pythonpath.sh'
[1.830s] Level 1:colcon.colcon_core.environment:checking '/home/linh/control_ros2/install/control_motor/bin'
[1.830s] Level 1:colcon.colcon_core.environment:create_environment_scripts_only(control_motor)
[1.830s] INFO:colcon.colcon_core.shell:Creating package script '/home/linh/control_ros2/install/control_motor/share/control_motor/package.ps1'
[1.831s] INFO:colcon.colcon_core.shell:Creating package descriptor '/home/linh/control_ros2/install/control_motor/share/control_motor/package.dsv'
[1.832s] INFO:colcon.colcon_core.shell:Creating package script '/home/linh/control_ros2/install/control_motor/share/control_motor/package.sh'
[1.833s] INFO:colcon.colcon_core.shell:Creating package script '/home/linh/control_ros2/install/control_motor/share/control_motor/package.bash'
[1.833s] INFO:colcon.colcon_core.shell:Creating package script '/home/linh/control_ros2/install/control_motor/share/control_motor/package.zsh'
[1.834s] Level 1:colcon.colcon_core.environment:create_file_with_runtime_dependencies(/home/linh/control_ros2/install/control_motor/share/colcon-core/packages/control_motor)
[1.835s] Level 1:colcon.colcon_core.environment:checking '/home/linh/control_ros2/install/car_3_wheel' for CMake module files
[1.836s] Level 1:colcon.colcon_core.environment:checking '/home/linh/control_ros2/install/car_3_wheel' for CMake config files
[1.836s] DEBUG:colcon.colcon_core.event_handler.log_command:Invoked command in '/home/linh/control_ros2/src/car_3_wheel' returned '0': PYTHONPATH=/home/linh/control_ros2/build/car_3_wheel/prefix_override:/usr/lib/python3/dist-packages/colcon_core/task/python/colcon_distutils_commands:/home/linh/control_ros2/install/car_3_wheel/lib/python3.10/site-packages:${PYTHONPATH} /usr/bin/python3 -W ignore:setup.py install is deprecated setup.py egg_info --egg-base ../../build/car_3_wheel build --build-base /home/linh/control_ros2/build/car_3_wheel/build install --record /home/linh/control_ros2/build/car_3_wheel/install.log --single-version-externally-managed install_data
[1.837s] Level 1:colcon.colcon_core.environment:checking '/home/linh/control_ros2/install/car_3_wheel/lib'
[1.837s] Level 1:colcon.colcon_core.environment:checking '/home/linh/control_ros2/install/car_3_wheel/bin'
[1.837s] Level 1:colcon.colcon_core.environment:checking '/home/linh/control_ros2/install/car_3_wheel/lib/pkgconfig/car_3_wheel.pc'
[1.837s] Level 1:colcon.colcon_core.environment:checking '/home/linh/control_ros2/install/car_3_wheel/lib/python3.10/site-packages'
[1.837s] Level 1:colcon.colcon_core.shell:create_environment_hook('car_3_wheel', 'pythonpath')
[1.838s] INFO:colcon.colcon_core.shell:Creating environment hook '/home/linh/control_ros2/install/car_3_wheel/share/car_3_wheel/hook/pythonpath.ps1'
[1.838s] INFO:colcon.colcon_core.shell:Creating environment descriptor '/home/linh/control_ros2/install/car_3_wheel/share/car_3_wheel/hook/pythonpath.dsv'
[1.838s] INFO:colcon.colcon_core.shell:Creating environment hook '/home/linh/control_ros2/install/car_3_wheel/share/car_3_wheel/hook/pythonpath.sh'
[1.839s] Level 1:colcon.colcon_core.environment:checking '/home/linh/control_ros2/install/car_3_wheel/bin'
[1.839s] Level 1:colcon.colcon_core.environment:create_environment_scripts_only(car_3_wheel)
[1.839s] INFO:colcon.colcon_core.shell:Creating package script '/home/linh/control_ros2/install/car_3_wheel/share/car_3_wheel/package.ps1'
[1.840s] INFO:colcon.colcon_core.shell:Creating package descriptor '/home/linh/control_ros2/install/car_3_wheel/share/car_3_wheel/package.dsv'
[1.840s] INFO:colcon.colcon_core.shell:Creating package script '/home/linh/control_ros2/install/car_3_wheel/share/car_3_wheel/package.sh'
[1.841s] INFO:colcon.colcon_core.shell:Creating package script '/home/linh/control_ros2/install/car_3_wheel/share/car_3_wheel/package.bash'
[1.841s] INFO:colcon.colcon_core.shell:Creating package script '/home/linh/control_ros2/install/car_3_wheel/share/car_3_wheel/package.zsh'
[1.841s] Level 1:colcon.colcon_core.environment:create_file_with_runtime_dependencies(/home/linh/control_ros2/install/car_3_wheel/share/colcon-core/packages/car_3_wheel)
[1.842s] DEBUG:colcon.colcon_parallel_executor.executor.parallel:closing loop
[1.842s] DEBUG:colcon.colcon_parallel_executor.executor.parallel:loop closed
[1.842s] DEBUG:colcon.colcon_parallel_executor.executor.parallel:run_until_complete finished with '0'
[1.842s] DEBUG:colcon.colcon_core.event_reactor:joining thread
[1.847s] INFO:colcon.colcon_core.plugin_system:Skipping extension 'colcon_notification.desktop_notification.terminal_notifier': Not used on non-Darwin systems
[1.847s] INFO:colcon.colcon_core.plugin_system:Skipping extension 'colcon_notification.desktop_notification.win32': Not used on non-Windows systems
[1.847s] INFO:colcon.colcon_notification.desktop_notification:Sending desktop notification using 'notify2'
[1.860s] DEBUG:colcon.colcon_core.event_reactor:joined thread
[1.861s] INFO:colcon.colcon_core.shell:Creating prefix script '/home/linh/control_ros2/install/local_setup.ps1'
[1.861s] INFO:colcon.colcon_core.shell:Creating prefix util module '/home/linh/control_ros2/install/_local_setup_util_ps1.py'
[1.862s] INFO:colcon.colcon_core.shell:Creating prefix chain script '/home/linh/control_ros2/install/setup.ps1'
[1.863s] INFO:colcon.colcon_core.shell:Creating prefix script '/home/linh/control_ros2/install/local_setup.sh'
[1.864s] INFO:colcon.colcon_core.shell:Creating prefix util module '/home/linh/control_ros2/install/_local_setup_util_sh.py'
[1.864s] INFO:colcon.colcon_core.shell:Creating prefix chain script '/home/linh/control_ros2/install/setup.sh'
[1.865s] INFO:colcon.colcon_core.shell:Creating prefix script '/home/linh/control_ros2/install/local_setup.bash'
[1.865s] INFO:colcon.colcon_core.shell:Creating prefix chain script '/home/linh/control_ros2/install/setup.bash'
[1.866s] INFO:colcon.colcon_core.shell:Creating prefix script '/home/linh/control_ros2/install/local_setup.zsh'
[1.867s] INFO:colcon.colcon_core.shell:Creating prefix chain script '/home/linh/control_ros2/install/setup.zsh'
