[0.070s] DEBUG:colcon:Command line arguments: ['/usr/bin/colcon', 'build']
[0.070s] DEBUG:colcon:Parsed command line arguments: Namespace(log_base=None, log_level=None, verb_name='build', build_base='build', install_base='install', merge_install=False, symlink_install=False, test_result_base=None, continue_on_error=False, executor='parallel', parallel_workers=8, event_handlers=None, ignore_user_meta=False, metas=['./colcon.meta'], base_paths=['.'], packages_ignore=None, packages_ignore_regex=None, paths=None, packages_up_to=None, packages_up_to_regex=None, packages_above=None, packages_above_and_dependencies=None, packages_above_depth=None, packages_select_by_dep=None, packages_skip_by_dep=None, packages_skip_up_to=None, packages_select_build_failed=False, packages_skip_build_finished=False, packages_select_test_failures=False, packages_skip_test_passed=False, packages_select=None, packages_skip=None, packages_select_regex=None, packages_skip_regex=None, packages_start=None, packages_end=None, allow_overriding=[], cmake_args=None, cmake_target=None, cmake_target_skip_unavailable=False, cmake_clean_cache=False, cmake_clean_first=False, cmake_force_configure=False, ament_cmake_args=None, catkin_cmake_args=None, catkin_skip_building_tests=False, mixin_files=None, mixin=None, verb_parser=<colcon_mixin.mixin.mixin_argument.MixinArgumentDecorator object at 0x72f1695022c0>, verb_extension=<colcon_core.verb.build.BuildVerb object at 0x72f169501de0>, main=<bound method BuildVerb.main of <colcon_core.verb.build.BuildVerb object at 0x72f169501de0>>, mixin_verb=('build',))
[0.175s] Level 1:colcon.colcon_core.package_discovery:discover_packages(colcon_meta) check parameters
[0.176s] Level 1:colcon.colcon_core.package_discovery:discover_packages(recursive) check parameters
[0.176s] Level 1:colcon.colcon_core.package_discovery:discover_packages(ignore) check parameters
[0.176s] Level 1:colcon.colcon_core.package_discovery:discover_packages(path) check parameters
[0.176s] Level 1:colcon.colcon_core.package_discovery:discover_packages(colcon_meta) discover
[0.176s] Level 1:colcon.colcon_core.package_discovery:discover_packages(recursive) discover
[0.176s] INFO:colcon.colcon_core.package_discovery:Crawling recursively for packages in '/home/linh/control_ros2'
[0.176s] Level 1:colcon.colcon_core.package_identification:_identify(.) by extensions ['ignore', 'ignore_ament_install']
[0.176s] Level 1:colcon.colcon_core.package_identification:_identify(.) by extension 'ignore'
[0.176s] Level 1:colcon.colcon_core.package_identification:_identify(.) by extension 'ignore_ament_install'
[0.176s] Level 1:colcon.colcon_core.package_identification:_identify(.) by extensions ['colcon_pkg']
[0.176s] Level 1:colcon.colcon_core.package_identification:_identify(.) by extension 'colcon_pkg'
[0.176s] Level 1:colcon.colcon_core.package_identification:_identify(.) by extensions ['colcon_meta']
[0.176s] Level 1:colcon.colcon_core.package_identification:_identify(.) by extension 'colcon_meta'
[0.176s] Level 1:colcon.colcon_core.package_identification:_identify(.) by extensions ['ros']
[0.176s] Level 1:colcon.colcon_core.package_identification:_identify(.) by extension 'ros'
[0.184s] Level 1:colcon.colcon_core.package_identification:_identify(.) by extensions ['cmake', 'python']
[0.184s] Level 1:colcon.colcon_core.package_identification:_identify(.) by extension 'cmake'
[0.184s] Level 1:colcon.colcon_core.package_identification:_identify(.) by extension 'python'
[0.184s] Level 1:colcon.colcon_core.package_identification:_identify(.) by extensions ['python_setup_py']
[0.184s] Level 1:colcon.colcon_core.package_identification:_identify(.) by extension 'python_setup_py'
[0.184s] Level 1:colcon.colcon_core.package_identification:_identify(build) by extensions ['ignore', 'ignore_ament_install']
[0.184s] Level 1:colcon.colcon_core.package_identification:_identify(build) by extension 'ignore'
[0.184s] Level 1:colcon.colcon_core.package_identification:_identify(build) ignored
[0.184s] Level 1:colcon.colcon_core.package_identification:_identify(install) by extensions ['ignore', 'ignore_ament_install']
[0.184s] Level 1:colcon.colcon_core.package_identification:_identify(install) by extension 'ignore'
[0.184s] Level 1:colcon.colcon_core.package_identification:_identify(install) ignored
[0.184s] Level 1:colcon.colcon_core.package_identification:_identify(log) by extensions ['ignore', 'ignore_ament_install']
[0.184s] Level 1:colcon.colcon_core.package_identification:_identify(log) by extension 'ignore'
[0.185s] Level 1:colcon.colcon_core.package_identification:_identify(log) ignored
[0.185s] Level 1:colcon.colcon_core.package_identification:_identify(src) by extensions ['ignore', 'ignore_ament_install']
[0.185s] Level 1:colcon.colcon_core.package_identification:_identify(src) by extension 'ignore'
[0.185s] Level 1:colcon.colcon_core.package_identification:_identify(src) by extension 'ignore_ament_install'
[0.185s] Level 1:colcon.colcon_core.package_identification:_identify(src) by extensions ['colcon_pkg']
[0.185s] Level 1:colcon.colcon_core.package_identification:_identify(src) by extension 'colcon_pkg'
[0.185s] Level 1:colcon.colcon_core.package_identification:_identify(src) by extensions ['colcon_meta']
[0.185s] Level 1:colcon.colcon_core.package_identification:_identify(src) by extension 'colcon_meta'
[0.185s] Level 1:colcon.colcon_core.package_identification:_identify(src) by extensions ['ros']
[0.185s] Level 1:colcon.colcon_core.package_identification:_identify(src) by extension 'ros'
[0.185s] Level 1:colcon.colcon_core.package_identification:_identify(src) by extensions ['cmake', 'python']
[0.185s] Level 1:colcon.colcon_core.package_identification:_identify(src) by extension 'cmake'
[0.185s] Level 1:colcon.colcon_core.package_identification:_identify(src) by extension 'python'
[0.185s] Level 1:colcon.colcon_core.package_identification:_identify(src) by extensions ['python_setup_py']
[0.185s] Level 1:colcon.colcon_core.package_identification:_identify(src) by extension 'python_setup_py'
[0.185s] Level 1:colcon.colcon_core.package_identification:_identify(src/car_3_wheel) by extensions ['ignore', 'ignore_ament_install']
[0.185s] Level 1:colcon.colcon_core.package_identification:_identify(src/car_3_wheel) by extension 'ignore'
[0.185s] Level 1:colcon.colcon_core.package_identification:_identify(src/car_3_wheel) by extension 'ignore_ament_install'
[0.185s] Level 1:colcon.colcon_core.package_identification:_identify(src/car_3_wheel) by extensions ['colcon_pkg']
[0.185s] Level 1:colcon.colcon_core.package_identification:_identify(src/car_3_wheel) by extension 'colcon_pkg'
[0.185s] Level 1:colcon.colcon_core.package_identification:_identify(src/car_3_wheel) by extensions ['colcon_meta']
[0.185s] Level 1:colcon.colcon_core.package_identification:_identify(src/car_3_wheel) by extension 'colcon_meta'
[0.185s] Level 1:colcon.colcon_core.package_identification:_identify(src/car_3_wheel) by extensions ['ros']
[0.185s] Level 1:colcon.colcon_core.package_identification:_identify(src/car_3_wheel) by extension 'ros'
[0.187s] DEBUG:colcon.colcon_core.package_identification:Package 'src/car_3_wheel' with type 'ros.ament_python' and name 'car_3_wheel'
[0.187s] Level 1:colcon.colcon_core.package_identification:_identify(src/rubupack) by extensions ['ignore', 'ignore_ament_install']
[0.187s] Level 1:colcon.colcon_core.package_identification:_identify(src/rubupack) by extension 'ignore'
[0.187s] Level 1:colcon.colcon_core.package_identification:_identify(src/rubupack) by extension 'ignore_ament_install'
[0.187s] Level 1:colcon.colcon_core.package_identification:_identify(src/rubupack) by extensions ['colcon_pkg']
[0.187s] Level 1:colcon.colcon_core.package_identification:_identify(src/rubupack) by extension 'colcon_pkg'
[0.187s] Level 1:colcon.colcon_core.package_identification:_identify(src/rubupack) by extensions ['colcon_meta']
[0.187s] Level 1:colcon.colcon_core.package_identification:_identify(src/rubupack) by extension 'colcon_meta'
[0.187s] Level 1:colcon.colcon_core.package_identification:_identify(src/rubupack) by extensions ['ros']
[0.187s] Level 1:colcon.colcon_core.package_identification:_identify(src/rubupack) by extension 'ros'
[0.188s] DEBUG:colcon.colcon_core.package_identification:Package 'src/rubupack' with type 'ros.ament_python' and name 'rubupack'
[0.188s] Level 1:colcon.colcon_core.package_discovery:discover_packages(recursive) using defaults
[0.188s] Level 1:colcon.colcon_core.package_discovery:discover_packages(ignore) discover
[0.188s] Level 1:colcon.colcon_core.package_discovery:discover_packages(ignore) using defaults
[0.188s] Level 1:colcon.colcon_core.package_discovery:discover_packages(path) discover
[0.188s] Level 1:colcon.colcon_core.package_discovery:discover_packages(path) using defaults
[0.201s] Level 1:colcon.colcon_core.package_discovery:discover_packages(prefix_path) check parameters
[0.201s] Level 1:colcon.colcon_core.package_discovery:discover_packages(prefix_path) discover
[0.202s] DEBUG:colcon.colcon_installed_package_information.package_discovery:Found 2 installed packages in /home/linh/control_ros2/install
[0.203s] DEBUG:colcon.colcon_installed_package_information.package_discovery:Found 284 installed packages in /opt/ros/humble
[0.204s] Level 1:colcon.colcon_core.package_discovery:discover_packages(prefix_path) using defaults
[0.236s] Level 5:colcon.colcon_core.verb:set package 'car_3_wheel' build argument 'cmake_args' from command line to 'None'
[0.236s] Level 5:colcon.colcon_core.verb:set package 'car_3_wheel' build argument 'cmake_target' from command line to 'None'
[0.236s] Level 5:colcon.colcon_core.verb:set package 'car_3_wheel' build argument 'cmake_target_skip_unavailable' from command line to 'False'
[0.236s] Level 5:colcon.colcon_core.verb:set package 'car_3_wheel' build argument 'cmake_clean_cache' from command line to 'False'
[0.236s] Level 5:colcon.colcon_core.verb:set package 'car_3_wheel' build argument 'cmake_clean_first' from command line to 'False'
[0.236s] Level 5:colcon.colcon_core.verb:set package 'car_3_wheel' build argument 'cmake_force_configure' from command line to 'False'
[0.236s] Level 5:colcon.colcon_core.verb:set package 'car_3_wheel' build argument 'ament_cmake_args' from command line to 'None'
[0.236s] Level 5:colcon.colcon_core.verb:set package 'car_3_wheel' build argument 'catkin_cmake_args' from command line to 'None'
[0.236s] Level 5:colcon.colcon_core.verb:set package 'car_3_wheel' build argument 'catkin_skip_building_tests' from command line to 'False'
[0.236s] DEBUG:colcon.colcon_core.verb:Building package 'car_3_wheel' with the following arguments: {'ament_cmake_args': None, 'build_base': '/home/linh/control_ros2/build/car_3_wheel', 'catkin_cmake_args': None, 'catkin_skip_building_tests': False, 'cmake_args': None, 'cmake_clean_cache': False, 'cmake_clean_first': False, 'cmake_force_configure': False, 'cmake_target': None, 'cmake_target_skip_unavailable': False, 'install_base': '/home/linh/control_ros2/install/car_3_wheel', 'merge_install': False, 'path': '/home/linh/control_ros2/src/car_3_wheel', 'symlink_install': False, 'test_result_base': None}
[0.236s] Level 5:colcon.colcon_core.verb:set package 'rubupack' build argument 'cmake_args' from command line to 'None'
[0.236s] Level 5:colcon.colcon_core.verb:set package 'rubupack' build argument 'cmake_target' from command line to 'None'
[0.236s] Level 5:colcon.colcon_core.verb:set package 'rubupack' build argument 'cmake_target_skip_unavailable' from command line to 'False'
[0.236s] Level 5:colcon.colcon_core.verb:set package 'rubupack' build argument 'cmake_clean_cache' from command line to 'False'
[0.236s] Level 5:colcon.colcon_core.verb:set package 'rubupack' build argument 'cmake_clean_first' from command line to 'False'
[0.236s] Level 5:colcon.colcon_core.verb:set package 'rubupack' build argument 'cmake_force_configure' from command line to 'False'
[0.236s] Level 5:colcon.colcon_core.verb:set package 'rubupack' build argument 'ament_cmake_args' from command line to 'None'
[0.236s] Level 5:colcon.colcon_core.verb:set package 'rubupack' build argument 'catkin_cmake_args' from command line to 'None'
[0.236s] Level 5:colcon.colcon_core.verb:set package 'rubupack' build argument 'catkin_skip_building_tests' from command line to 'False'
[0.236s] DEBUG:colcon.colcon_core.verb:Building package 'rubupack' with the following arguments: {'ament_cmake_args': None, 'build_base': '/home/linh/control_ros2/build/rubupack', 'catkin_cmake_args': None, 'catkin_skip_building_tests': False, 'cmake_args': None, 'cmake_clean_cache': False, 'cmake_clean_first': False, 'cmake_force_configure': False, 'cmake_target': None, 'cmake_target_skip_unavailable': False, 'install_base': '/home/linh/control_ros2/install/rubupack', 'merge_install': False, 'path': '/home/linh/control_ros2/src/rubupack', 'symlink_install': False, 'test_result_base': None}
[0.237s] INFO:colcon.colcon_core.executor:Executing jobs using 'parallel' executor
[0.237s] DEBUG:colcon.colcon_parallel_executor.executor.parallel:run_until_complete
[0.238s] INFO:colcon.colcon_ros.task.ament_python.build:Building ROS package in '/home/linh/control_ros2/src/car_3_wheel' with build type 'ament_python'
[0.238s] Level 1:colcon.colcon_core.shell:create_environment_hook('car_3_wheel', 'ament_prefix_path')
[0.239s] INFO:colcon.colcon_core.plugin_system:Skipping extension 'colcon_core.shell.bat': Not used on non-Windows systems
[0.239s] INFO:colcon.colcon_core.shell:Creating environment hook '/home/linh/control_ros2/install/car_3_wheel/share/car_3_wheel/hook/ament_prefix_path.ps1'
[0.240s] INFO:colcon.colcon_core.shell:Creating environment descriptor '/home/linh/control_ros2/install/car_3_wheel/share/car_3_wheel/hook/ament_prefix_path.dsv'
[0.240s] INFO:colcon.colcon_core.shell:Creating environment hook '/home/linh/control_ros2/install/car_3_wheel/share/car_3_wheel/hook/ament_prefix_path.sh'
[0.240s] INFO:colcon.colcon_core.shell:Skip shell extension 'powershell' for command environment: Not usable outside of PowerShell
[0.240s] DEBUG:colcon.colcon_core.shell:Skip shell extension 'dsv' for command environment
[0.242s] INFO:colcon.colcon_ros.task.ament_python.build:Building ROS package in '/home/linh/control_ros2/src/rubupack' with build type 'ament_python'
[0.242s] Level 1:colcon.colcon_core.shell:create_environment_hook('rubupack', 'ament_prefix_path')
[0.243s] INFO:colcon.colcon_core.shell:Creating environment hook '/home/linh/control_ros2/install/rubupack/share/rubupack/hook/ament_prefix_path.ps1'
[0.243s] INFO:colcon.colcon_core.shell:Creating environment descriptor '/home/linh/control_ros2/install/rubupack/share/rubupack/hook/ament_prefix_path.dsv'
[0.243s] INFO:colcon.colcon_core.shell:Creating environment hook '/home/linh/control_ros2/install/rubupack/share/rubupack/hook/ament_prefix_path.sh'
[0.244s] INFO:colcon.colcon_core.shell:Skip shell extension 'powershell' for command environment: Not usable outside of PowerShell
[0.244s] DEBUG:colcon.colcon_core.shell:Skip shell extension 'dsv' for command environment
[0.414s] INFO:colcon.colcon_core.task.python.build:Building Python package in '/home/linh/control_ros2/src/car_3_wheel'
[0.415s] INFO:colcon.colcon_core.shell:Skip shell extension 'powershell' for command environment: Not usable outside of PowerShell
[0.415s] DEBUG:colcon.colcon_core.shell:Skip shell extension 'dsv' for command environment
[0.600s] INFO:colcon.colcon_core.task.python.build:Building Python package in '/home/linh/control_ros2/src/rubupack'
[0.600s] INFO:colcon.colcon_core.shell:Skip shell extension 'powershell' for command environment: Not usable outside of PowerShell
[0.600s] DEBUG:colcon.colcon_core.shell:Skip shell extension 'dsv' for command environment
[0.860s] DEBUG:colcon.colcon_core.event_handler.log_command:Invoking command in '/home/linh/control_ros2/src/car_3_wheel': PYTHONPATH=/home/linh/control_ros2/build/car_3_wheel/prefix_override:/usr/lib/python3/dist-packages/colcon_core/task/python/colcon_distutils_commands:/home/linh/control_ros2/install/car_3_wheel/lib/python3.10/site-packages:${PYTHONPATH} /usr/bin/python3 -W ignore:setup.py install is deprecated setup.py egg_info --egg-base ../../build/car_3_wheel build --build-base /home/linh/control_ros2/build/car_3_wheel/build install --record /home/linh/control_ros2/build/car_3_wheel/install.log --single-version-externally-managed install_data
[0.877s] DEBUG:colcon.colcon_core.event_handler.log_command:Invoking command in '/home/linh/control_ros2/src/rubupack': PYTHONPATH=/home/linh/control_ros2/build/rubupack/prefix_override:/usr/lib/python3/dist-packages/colcon_core/task/python/colcon_distutils_commands:/home/linh/control_ros2/install/rubupack/lib/python3.10/site-packages:${PYTHONPATH} /usr/bin/python3 -W ignore:setup.py install is deprecated setup.py egg_info --egg-base ../../build/rubupack build --build-base /home/linh/control_ros2/build/rubupack/build install --record /home/linh/control_ros2/build/rubupack/install.log --single-version-externally-managed install_data
[1.081s] DEBUG:colcon.colcon_core.event_handler.log_command:Invoked command in '/home/linh/control_ros2/src/car_3_wheel' returned '0': PYTHONPATH=/home/linh/control_ros2/build/car_3_wheel/prefix_override:/usr/lib/python3/dist-packages/colcon_core/task/python/colcon_distutils_commands:/home/linh/control_ros2/install/car_3_wheel/lib/python3.10/site-packages:${PYTHONPATH} /usr/bin/python3 -W ignore:setup.py install is deprecated setup.py egg_info --egg-base ../../build/car_3_wheel build --build-base /home/linh/control_ros2/build/car_3_wheel/build install --record /home/linh/control_ros2/build/car_3_wheel/install.log --single-version-externally-managed install_data
[1.082s] Level 1:colcon.colcon_core.environment:checking '/home/linh/control_ros2/install/car_3_wheel' for CMake module files
[1.083s] Level 1:colcon.colcon_core.environment:checking '/home/linh/control_ros2/install/car_3_wheel' for CMake config files
[1.083s] Level 1:colcon.colcon_core.environment:checking '/home/linh/control_ros2/install/car_3_wheel/lib'
[1.083s] Level 1:colcon.colcon_core.environment:checking '/home/linh/control_ros2/install/car_3_wheel/bin'
[1.083s] Level 1:colcon.colcon_core.environment:checking '/home/linh/control_ros2/install/car_3_wheel/lib/pkgconfig/car_3_wheel.pc'
[1.084s] Level 1:colcon.colcon_core.environment:checking '/home/linh/control_ros2/install/car_3_wheel/lib/python3.10/site-packages'
[1.084s] Level 1:colcon.colcon_core.shell:create_environment_hook('car_3_wheel', 'pythonpath')
[1.084s] INFO:colcon.colcon_core.shell:Creating environment hook '/home/linh/control_ros2/install/car_3_wheel/share/car_3_wheel/hook/pythonpath.ps1'
[1.084s] INFO:colcon.colcon_core.shell:Creating environment descriptor '/home/linh/control_ros2/install/car_3_wheel/share/car_3_wheel/hook/pythonpath.dsv'
[1.084s] INFO:colcon.colcon_core.shell:Creating environment hook '/home/linh/control_ros2/install/car_3_wheel/share/car_3_wheel/hook/pythonpath.sh'
[1.085s] Level 1:colcon.colcon_core.environment:checking '/home/linh/control_ros2/install/car_3_wheel/bin'
[1.085s] Level 1:colcon.colcon_core.environment:create_environment_scripts_only(car_3_wheel)
[1.085s] INFO:colcon.colcon_core.shell:Creating package script '/home/linh/control_ros2/install/car_3_wheel/share/car_3_wheel/package.ps1'
[1.086s] INFO:colcon.colcon_core.shell:Creating package descriptor '/home/linh/control_ros2/install/car_3_wheel/share/car_3_wheel/package.dsv'
[1.086s] INFO:colcon.colcon_core.shell:Creating package script '/home/linh/control_ros2/install/car_3_wheel/share/car_3_wheel/package.sh'
[1.086s] INFO:colcon.colcon_core.shell:Creating package script '/home/linh/control_ros2/install/car_3_wheel/share/car_3_wheel/package.bash'
[1.087s] INFO:colcon.colcon_core.shell:Creating package script '/home/linh/control_ros2/install/car_3_wheel/share/car_3_wheel/package.zsh'
[1.087s] Level 1:colcon.colcon_core.environment:create_file_with_runtime_dependencies(/home/linh/control_ros2/install/car_3_wheel/share/colcon-core/packages/car_3_wheel)
[1.088s] Level 1:colcon.colcon_core.environment:checking '/home/linh/control_ros2/install/rubupack' for CMake module files
[1.089s] DEBUG:colcon.colcon_core.event_handler.log_command:Invoked command in '/home/linh/control_ros2/src/rubupack' returned '0': PYTHONPATH=/home/linh/control_ros2/build/rubupack/prefix_override:/usr/lib/python3/dist-packages/colcon_core/task/python/colcon_distutils_commands:/home/linh/control_ros2/install/rubupack/lib/python3.10/site-packages:${PYTHONPATH} /usr/bin/python3 -W ignore:setup.py install is deprecated setup.py egg_info --egg-base ../../build/rubupack build --build-base /home/linh/control_ros2/build/rubupack/build install --record /home/linh/control_ros2/build/rubupack/install.log --single-version-externally-managed install_data
[1.089s] Level 1:colcon.colcon_core.environment:checking '/home/linh/control_ros2/install/rubupack' for CMake config files
[1.089s] Level 1:colcon.colcon_core.environment:checking '/home/linh/control_ros2/install/rubupack/lib'
[1.089s] Level 1:colcon.colcon_core.environment:checking '/home/linh/control_ros2/install/rubupack/bin'
[1.089s] Level 1:colcon.colcon_core.environment:checking '/home/linh/control_ros2/install/rubupack/lib/pkgconfig/rubupack.pc'
[1.089s] Level 1:colcon.colcon_core.environment:checking '/home/linh/control_ros2/install/rubupack/lib/python3.10/site-packages'
[1.089s] Level 1:colcon.colcon_core.shell:create_environment_hook('rubupack', 'pythonpath')
[1.089s] INFO:colcon.colcon_core.shell:Creating environment hook '/home/linh/control_ros2/install/rubupack/share/rubupack/hook/pythonpath.ps1'
[1.090s] INFO:colcon.colcon_core.shell:Creating environment descriptor '/home/linh/control_ros2/install/rubupack/share/rubupack/hook/pythonpath.dsv'
[1.090s] INFO:colcon.colcon_core.shell:Creating environment hook '/home/linh/control_ros2/install/rubupack/share/rubupack/hook/pythonpath.sh'
[1.090s] Level 1:colcon.colcon_core.environment:checking '/home/linh/control_ros2/install/rubupack/bin'
[1.090s] Level 1:colcon.colcon_core.environment:create_environment_scripts_only(rubupack)
[1.090s] INFO:colcon.colcon_core.shell:Creating package script '/home/linh/control_ros2/install/rubupack/share/rubupack/package.ps1'
[1.091s] INFO:colcon.colcon_core.shell:Creating package descriptor '/home/linh/control_ros2/install/rubupack/share/rubupack/package.dsv'
[1.091s] INFO:colcon.colcon_core.shell:Creating package script '/home/linh/control_ros2/install/rubupack/share/rubupack/package.sh'
[1.091s] INFO:colcon.colcon_core.shell:Creating package script '/home/linh/control_ros2/install/rubupack/share/rubupack/package.bash'
[1.091s] INFO:colcon.colcon_core.shell:Creating package script '/home/linh/control_ros2/install/rubupack/share/rubupack/package.zsh'
[1.092s] Level 1:colcon.colcon_core.environment:create_file_with_runtime_dependencies(/home/linh/control_ros2/install/rubupack/share/colcon-core/packages/rubupack)
[1.092s] DEBUG:colcon.colcon_parallel_executor.executor.parallel:closing loop
[1.092s] DEBUG:colcon.colcon_parallel_executor.executor.parallel:loop closed
[1.092s] DEBUG:colcon.colcon_parallel_executor.executor.parallel:run_until_complete finished with '0'
[1.092s] DEBUG:colcon.colcon_core.event_reactor:joining thread
[1.096s] INFO:colcon.colcon_core.plugin_system:Skipping extension 'colcon_notification.desktop_notification.terminal_notifier': Not used on non-Darwin systems
[1.096s] INFO:colcon.colcon_core.plugin_system:Skipping extension 'colcon_notification.desktop_notification.win32': Not used on non-Windows systems
[1.096s] INFO:colcon.colcon_notification.desktop_notification:Sending desktop notification using 'notify2'
[1.106s] DEBUG:colcon.colcon_core.event_reactor:joined thread
[1.106s] INFO:colcon.colcon_core.shell:Creating prefix script '/home/linh/control_ros2/install/local_setup.ps1'
[1.107s] INFO:colcon.colcon_core.shell:Creating prefix util module '/home/linh/control_ros2/install/_local_setup_util_ps1.py'
[1.108s] INFO:colcon.colcon_core.shell:Creating prefix chain script '/home/linh/control_ros2/install/setup.ps1'
[1.109s] INFO:colcon.colcon_core.shell:Creating prefix script '/home/linh/control_ros2/install/local_setup.sh'
[1.109s] INFO:colcon.colcon_core.shell:Creating prefix util module '/home/linh/control_ros2/install/_local_setup_util_sh.py'
[1.109s] INFO:colcon.colcon_core.shell:Creating prefix chain script '/home/linh/control_ros2/install/setup.sh'
[1.110s] INFO:colcon.colcon_core.shell:Creating prefix script '/home/linh/control_ros2/install/local_setup.bash'
[1.110s] INFO:colcon.colcon_core.shell:Creating prefix chain script '/home/linh/control_ros2/install/setup.bash'
[1.111s] INFO:colcon.colcon_core.shell:Creating prefix script '/home/linh/control_ros2/install/local_setup.zsh'
[1.111s] INFO:colcon.colcon_core.shell:Creating prefix chain script '/home/linh/control_ros2/install/setup.zsh'
