[0.494s] Invoking command in '/home/linh/control_ros2/src/control_motor': PYTHONPATH=/home/linh/control_ros2/build/control_motor/prefix_override:/usr/lib/python3/dist-packages/colcon_core/task/python/colcon_distutils_commands:/home/linh/control_ros2/install/control_motor/lib/python3.10/site-packages:${PYTHONPATH} /usr/bin/python3 -W ignore:setup.py install is deprecated setup.py egg_info --egg-base ../../build/control_motor build --build-base /home/linh/control_ros2/build/control_motor/build install --record /home/linh/control_ros2/build/control_motor/install.log --single-version-externally-managed install_data
[0.681s] running egg_info
[0.681s] writing ../../build/control_motor/control_motor.egg-info/PKG-INFO
[0.681s] writing dependency_links to ../../build/control_motor/control_motor.egg-info/dependency_links.txt
[0.681s] writing entry points to ../../build/control_motor/control_motor.egg-info/entry_points.txt
[0.681s] writing requirements to ../../build/control_motor/control_motor.egg-info/requires.txt
[0.681s] writing top-level names to ../../build/control_motor/control_motor.egg-info/top_level.txt
[0.683s] reading manifest file '../../build/control_motor/control_motor.egg-info/SOURCES.txt'
[0.683s] adding license file 'LICENSE'
[0.684s] writing manifest file '../../build/control_motor/control_motor.egg-info/SOURCES.txt'
[0.684s] running build
[0.684s] running build_py
[0.684s] running install
[0.684s] running install_lib
[0.685s] running install_data
[0.685s] copying urdf/ver7.urdf -> /home/linh/control_ros2/install/control_motor/share/control_motor/urdf
[0.685s] copying meshes/car_right.STL -> /home/linh/control_ros2/install/control_motor/share/control_motor/meshes
[0.686s] copying meshes/base_link.STL -> /home/linh/control_ros2/install/control_motor/share/control_motor/meshes
[0.686s] copying meshes/caster.STL -> /home/linh/control_ros2/install/control_motor/share/control_motor/meshes
[0.686s] copying meshes/caster_wheel.STL -> /home/linh/control_ros2/install/control_motor/share/control_motor/meshes
[0.686s] copying meshes/car_left.STL -> /home/linh/control_ros2/install/control_motor/share/control_motor/meshes
[0.686s] copying meshes/lidar.STL -> /home/linh/control_ros2/install/control_motor/share/control_motor/meshes
[0.687s] running install_egg_info
[0.688s] removing '/home/linh/control_ros2/install/control_motor/lib/python3.10/site-packages/control_motor-0.0.0-py3.10.egg-info' (and everything under it)
[0.688s] Copying ../../build/control_motor/control_motor.egg-info to /home/linh/control_ros2/install/control_motor/lib/python3.10/site-packages/control_motor-0.0.0-py3.10.egg-info
[0.689s] running install_scripts
[0.705s] writing list of installed files to '/home/linh/control_ros2/build/control_motor/install.log'
[0.739s] Invoked command in '/home/linh/control_ros2/src/control_motor' returned '0': PYTHONPATH=/home/linh/control_ros2/build/control_motor/prefix_override:/usr/lib/python3/dist-packages/colcon_core/task/python/colcon_distutils_commands:/home/linh/control_ros2/install/control_motor/lib/python3.10/site-packages:${PYTHONPATH} /usr/bin/python3 -W ignore:setup.py install is deprecated setup.py egg_info --egg-base ../../build/control_motor build --build-base /home/linh/control_ros2/build/control_motor/build install --record /home/linh/control_ros2/build/control_motor/install.log --single-version-externally-managed install_data
