[1.131s] Invoking command in '/home/linh/control_ros2/src/rubupack': PYTHONPATH=/home/linh/control_ros2/build/rubupack/prefix_override:/usr/lib/python3/dist-packages/colcon_core/task/python/colcon_distutils_commands:/home/linh/control_ros2/install/rubupack/lib/python3.10/site-packages:${PYTHONPATH} /usr/bin/python3 -W ignore:setup.py install is deprecated setup.py egg_info --egg-base ../../build/rubupack build --build-base /home/linh/control_ros2/build/rubupack/build install --record /home/linh/control_ros2/build/rubupack/install.log --single-version-externally-managed install_data
[1.454s] running egg_info
[1.455s] creating ../../build/rubupack/rubupack.egg-info
[1.455s] writing ../../build/rubupack/rubupack.egg-info/PKG-INFO
[1.455s] writing dependency_links to ../../build/rubupack/rubupack.egg-info/dependency_links.txt
[1.455s] writing entry points to ../../build/rubupack/rubupack.egg-info/entry_points.txt
[1.456s] writing requirements to ../../build/rubupack/rubupack.egg-info/requires.txt
[1.456s] writing top-level names to ../../build/rubupack/rubupack.egg-info/top_level.txt
[1.456s] writing manifest file '../../build/rubupack/rubupack.egg-info/SOURCES.txt'
[1.458s] reading manifest file '../../build/rubupack/rubupack.egg-info/SOURCES.txt'
[1.458s] adding license file 'LICENSE'
[1.459s] writing manifest file '../../build/rubupack/rubupack.egg-info/SOURCES.txt'
[1.459s] running build
[1.459s] running build_py
[1.459s] creating /home/linh/control_ros2/build/rubupack/build
[1.459s] creating /home/linh/control_ros2/build/rubupack/build/lib
[1.459s] creating /home/linh/control_ros2/build/rubupack/build/lib/rubupack
[1.460s] copying rubupack/__init__.py -> /home/linh/control_ros2/build/rubupack/build/lib/rubupack
[1.460s] running install
[1.460s] running install_lib
[1.461s] creating /home/linh/control_ros2/install/rubupack/lib/python3.10/site-packages/rubupack
[1.461s] copying /home/linh/control_ros2/build/rubupack/build/lib/rubupack/__init__.py -> /home/linh/control_ros2/install/rubupack/lib/python3.10/site-packages/rubupack
[1.462s] byte-compiling /home/linh/control_ros2/install/rubupack/lib/python3.10/site-packages/rubupack/__init__.py to __init__.cpython-310.pyc
[1.462s] running install_data
[1.462s] creating /home/linh/control_ros2/install/rubupack/share/ament_index
[1.462s] creating /home/linh/control_ros2/install/rubupack/share/ament_index/resource_index
[1.463s] creating /home/linh/control_ros2/install/rubupack/share/ament_index/resource_index/packages
[1.463s] copying resource/rubupack -> /home/linh/control_ros2/install/rubupack/share/ament_index/resource_index/packages
[1.463s] copying package.xml -> /home/linh/control_ros2/install/rubupack/share/rubupack
[1.463s] creating /home/linh/control_ros2/install/rubupack/share/rubupack/urdf
[1.463s] copying urdf/ROBOT.urdf -> /home/linh/control_ros2/install/rubupack/share/rubupack/urdf
[1.463s] creating /home/linh/control_ros2/install/rubupack/share/rubupack/launch
[1.463s] copying launch/display.launch.py -> /home/linh/control_ros2/install/rubupack/share/rubupack/launch
[1.463s] copying launch/gazebo.launch.py -> /home/linh/control_ros2/install/rubupack/share/rubupack/launch
[1.463s] creating /home/linh/control_ros2/install/rubupack/share/rubupack/meshes
[1.463s] copying meshes/left_be.STL -> /home/linh/control_ros2/install/rubupack/share/rubupack/meshes
[1.464s] copying meshes/right_be.STL -> /home/linh/control_ros2/install/rubupack/share/rubupack/meshes
[1.465s] copying meshes/right_a.STL -> /home/linh/control_ros2/install/rubupack/share/rubupack/meshes
[1.466s] copying meshes/base_link.STL -> /home/linh/control_ros2/install/rubupack/share/rubupack/meshes
[1.467s] copying meshes/left_a.STL -> /home/linh/control_ros2/install/rubupack/share/rubupack/meshes
[1.468s] running install_egg_info
[1.470s] Copying ../../build/rubupack/rubupack.egg-info to /home/linh/control_ros2/install/rubupack/lib/python3.10/site-packages/rubupack-0.0.0-py3.10.egg-info
[1.471s] running install_scripts
[1.497s] writing list of installed files to '/home/linh/control_ros2/build/rubupack/install.log'
[1.534s] Invoked command in '/home/linh/control_ros2/src/rubupack' returned '0': PYTHONPATH=/home/linh/control_ros2/build/rubupack/prefix_override:/usr/lib/python3/dist-packages/colcon_core/task/python/colcon_distutils_commands:/home/linh/control_ros2/install/rubupack/lib/python3.10/site-packages:${PYTHONPATH} /usr/bin/python3 -W ignore:setup.py install is deprecated setup.py egg_info --egg-base ../../build/rubupack build --build-base /home/linh/control_ros2/build/rubupack/build install --record /home/linh/control_ros2/build/rubupack/install.log --single-version-externally-managed install_data
