[1.160s] Invoking command in '/home/linh/control_ros2/src/car_3_wheel': PYTHONPATH=/home/linh/control_ros2/build/car_3_wheel/prefix_override:/usr/lib/python3/dist-packages/colcon_core/task/python/colcon_distutils_commands:/home/linh/control_ros2/install/car_3_wheel/lib/python3.10/site-packages:${PYTHONPATH} /usr/bin/python3 -W ignore:setup.py install is deprecated setup.py egg_info --egg-base ../../build/car_3_wheel build --build-base /home/linh/control_ros2/build/car_3_wheel/build install --record /home/linh/control_ros2/build/car_3_wheel/install.log --single-version-externally-managed install_data
[1.495s] running egg_info
[1.496s] writing ../../build/car_3_wheel/car_3_wheel.egg-info/PKG-INFO
[1.496s] writing dependency_links to ../../build/car_3_wheel/car_3_wheel.egg-info/dependency_links.txt
[1.496s] writing entry points to ../../build/car_3_wheel/car_3_wheel.egg-info/entry_points.txt
[1.496s] writing requirements to ../../build/car_3_wheel/car_3_wheel.egg-info/requires.txt
[1.496s] writing top-level names to ../../build/car_3_wheel/car_3_wheel.egg-info/top_level.txt
[1.498s] reading manifest file '../../build/car_3_wheel/car_3_wheel.egg-info/SOURCES.txt'
[1.498s] adding license file 'LICENSE'
[1.499s] writing manifest file '../../build/car_3_wheel/car_3_wheel.egg-info/SOURCES.txt'
[1.499s] running build
[1.499s] running build_py
[1.499s] running install
[1.499s] running install_lib
[1.500s] running install_data
[1.501s] running install_egg_info
[1.503s] removing '/home/linh/control_ros2/install/car_3_wheel/lib/python3.10/site-packages/car_3_wheel-0.0.0-py3.10.egg-info' (and everything under it)
[1.503s] Copying ../../build/car_3_wheel/car_3_wheel.egg-info to /home/linh/control_ros2/install/car_3_wheel/lib/python3.10/site-packages/car_3_wheel-0.0.0-py3.10.egg-info
[1.504s] running install_scripts
[1.530s] writing list of installed files to '/home/linh/control_ros2/build/car_3_wheel/install.log'
[1.574s] Invoked command in '/home/linh/control_ros2/src/car_3_wheel' returned '0': PYTHONPATH=/home/linh/control_ros2/build/car_3_wheel/prefix_override:/usr/lib/python3/dist-packages/colcon_core/task/python/colcon_distutils_commands:/home/linh/control_ros2/install/car_3_wheel/lib/python3.10/site-packages:${PYTHONPATH} /usr/bin/python3 -W ignore:setup.py install is deprecated setup.py egg_info --egg-base ../../build/car_3_wheel build --build-base /home/linh/control_ros2/build/car_3_wheel/build install --record /home/linh/control_ros2/build/car_3_wheel/install.log --single-version-externally-managed install_data
